{"/Users/alisia/Projects/ReactProjects/crown-cloth/client/src/components/cart-item/cart-item.component.jsx": {"path":"/Users/alisia/Projects/ReactProjects/crown-cloth/client/src/components/cart-item/cart-item.component.jsx","statementMap":{"0":{"start":{"line":13,"column":17},"end":{"line":23,"column":1}},"1":{"start":{"line":14,"column":2},"end":{"line":22,"column":22}}},"fnMap":{"0":{"name":"(anonymous_0)","decl":{"start":{"line":13,"column":17},"end":{"line":13,"column":18}},"loc":{"start":{"line":14,"column":2},"end":{"line":22,"column":22}},"line":14}},"branchMap":{},"s":{"0":1,"1":1},"f":{"0":1},"b":{},"_coverageSchema":"1a1c01bbd47fc00a2c39e90264f33305004495a9","hash":"a742cfcce20ff21503288f74782a66fe688100b8"}
,"/Users/alisia/Projects/ReactProjects/crown-cloth/client/src/components/custom-button/custom-button.component.jsx": {"path":"/Users/alisia/Projects/ReactProjects/crown-cloth/client/src/components/custom-button/custom-button.component.jsx","statementMap":{"0":{"start":{"line":7,"column":28},"end":{"line":9,"column":1}},"1":{"start":{"line":8,"column":2},"end":{"line":8,"column":70}}},"fnMap":{"0":{"name":"(anonymous_0)","decl":{"start":{"line":7,"column":28},"end":{"line":7,"column":29}},"loc":{"start":{"line":8,"column":2},"end":{"line":8,"column":70}},"line":8}},"branchMap":{},"s":{"0":1,"1":1},"f":{"0":1},"b":{},"_coverageSchema":"1a1c01bbd47fc00a2c39e90264f33305004495a9","hash":"ad8034479b75d17e5a7d62e6dfe2b21daf566a3d"}
}
