{"/Users/alisia/Projects/ReactProjects/crown-cloth/client/src/App.js": {"path":"/Users/alisia/Projects/ReactProjects/crown-cloth/client/src/App.js","statementMap":{"0":{"start":{"line":20,"column":17},"end":{"line":20,"column":74}},"1":{"start":{"line":20,"column":28},"end":{"line":20,"column":73}},"2":{"start":{"line":21,"column":13},"end":{"line":21,"column":62}},"3":{"start":{"line":21,"column":24},"end":{"line":21,"column":61}},"4":{"start":{"line":22,"column":17},"end":{"line":22,"column":76}},"5":{"start":{"line":22,"column":28},"end":{"line":22,"column":75}},"6":{"start":{"line":23,"column":26},"end":{"line":25,"column":1}},"7":{"start":{"line":24,"column":2},"end":{"line":24,"column":47}},"8":{"start":{"line":27,"column":12},"end":{"line":52,"column":1}},"9":{"start":{"line":28,"column":2},"end":{"line":30,"column":25}},"10":{"start":{"line":29,"column":4},"end":{"line":29,"column":23}},"11":{"start":{"line":32,"column":2},"end":{"line":51,"column":4}},"12":{"start":{"line":44,"column":29},"end":{"line":44,"column":77}},"13":{"start":{"line":54,"column":24},"end":{"line":56,"column":2}}},"fnMap":{"0":{"name":"(anonymous_0)","decl":{"start":{"line":20,"column":22},"end":{"line":20,"column":23}},"loc":{"start":{"line":20,"column":28},"end":{"line":20,"column":73}},"line":20},"1":{"name":"(anonymous_1)","decl":{"start":{"line":21,"column":18},"end":{"line":21,"column":19}},"loc":{"start":{"line":21,"column":24},"end":{"line":21,"column":61}},"line":21},"2":{"name":"(anonymous_2)","decl":{"start":{"line":22,"column":22},"end":{"line":22,"column":23}},"loc":{"start":{"line":22,"column":28},"end":{"line":22,"column":75}},"line":22},"3":{"name":"(anonymous_3)","decl":{"start":{"line":23,"column":31},"end":{"line":23,"column":32}},"loc":{"start":{"line":24,"column":2},"end":{"line":24,"column":47}},"line":24},"4":{"name":"(anonymous_4)","decl":{"start":{"line":27,"column":12},"end":{"line":27,"column":13}},"loc":{"start":{"line":27,"column":51},"end":{"line":52,"column":1}},"line":27},"5":{"name":"(anonymous_5)","decl":{"start":{"line":28,"column":12},"end":{"line":28,"column":13}},"loc":{"start":{"line":28,"column":18},"end":{"line":30,"column":3}},"line":28},"6":{"name":"(anonymous_6)","decl":{"start":{"line":44,"column":22},"end":{"line":44,"column":23}},"loc":{"start":{"line":44,"column":29},"end":{"line":44,"column":77}},"line":44}},"branchMap":{"0":{"loc":{"start":{"line":44,"column":29},"end":{"line":44,"column":77}},"type":"cond-expr","locations":[{"start":{"line":44,"column":43},"end":{"line":44,"column":62}},{"start":{"line":44,"column":65},"end":{"line":44,"column":77}}],"line":44}},"s":{"0":0,"1":0,"2":0,"3":0,"4":0,"5":0,"6":0,"7":0,"8":0,"9":0,"10":0,"11":0,"12":0,"13":0},"f":{"0":0,"1":0,"2":0,"3":0,"4":0,"5":0,"6":0},"b":{"0":[0,0]}}
,"/Users/alisia/Projects/ReactProjects/crown-cloth/client/src/global.styles.js": {"path":"/Users/alisia/Projects/ReactProjects/crown-cloth/client/src/global.styles.js","statementMap":{"0":{"start":{"line":3,"column":27},"end":{"line":21,"column":1}}},"fnMap":{},"branchMap":{},"s":{"0":0},"f":{},"b":{}}
,"/Users/alisia/Projects/ReactProjects/crown-cloth/client/src/index.js": {"path":"/Users/alisia/Projects/ReactProjects/crown-cloth/client/src/index.js","statementMap":{"0":{"start":{"line":20,"column":0},"end":{"line":31,"column":2}},"1":{"start":{"line":33,"column":0},"end":{"line":33,"column":25}}},"fnMap":{},"branchMap":{},"s":{"0":0,"1":0},"f":{},"b":{}}
,"/Users/alisia/Projects/ReactProjects/crown-cloth/client/src/reportWebVitals.js": {"path":"/Users/alisia/Projects/ReactProjects/crown-cloth/client/src/reportWebVitals.js","statementMap":{"0":{"start":{"line":1,"column":24},"end":{"line":11,"column":1}},"1":{"start":{"line":2,"column":2},"end":{"line":10,"column":3}},"2":{"start":{"line":3,"column":4},"end":{"line":9,"column":7}},"3":{"start":{"line":4,"column":6},"end":{"line":4,"column":26}},"4":{"start":{"line":5,"column":6},"end":{"line":5,"column":26}},"5":{"start":{"line":6,"column":6},"end":{"line":6,"column":26}},"6":{"start":{"line":7,"column":6},"end":{"line":7,"column":26}},"7":{"start":{"line":8,"column":6},"end":{"line":8,"column":27}}},"fnMap":{"0":{"name":"(anonymous_0)","decl":{"start":{"line":1,"column":24},"end":{"line":1,"column":25}},"loc":{"start":{"line":1,"column":41},"end":{"line":11,"column":1}},"line":1},"1":{"name":"(anonymous_1)","decl":{"start":{"line":3,"column":30},"end":{"line":3,"column":31}},"loc":{"start":{"line":3,"column":79},"end":{"line":9,"column":5}},"line":3}},"branchMap":{"0":{"loc":{"start":{"line":2,"column":2},"end":{"line":10,"column":3}},"type":"if","locations":[{"start":{"line":2,"column":2},"end":{"line":10,"column":3}},{"start":{"line":2,"column":2},"end":{"line":10,"column":3}}],"line":2},"1":{"loc":{"start":{"line":2,"column":6},"end":{"line":2,"column":52}},"type":"binary-expr","locations":[{"start":{"line":2,"column":6},"end":{"line":2,"column":17}},{"start":{"line":2,"column":21},"end":{"line":2,"column":52}}],"line":2}},"s":{"0":0,"1":0,"2":0,"3":0,"4":0,"5":0,"6":0,"7":0},"f":{"0":0,"1":0},"b":{"0":[0,0],"1":[0,0]}}
,"/Users/alisia/Projects/ReactProjects/crown-cloth/client/src/service-worker.js": {"path":"/Users/alisia/Projects/ReactProjects/crown-cloth/client/src/service-worker.js","statementMap":{"0":{"start":{"line":16,"column":0},"end":{"line":16,"column":15}},"1":{"start":{"line":22,"column":0},"end":{"line":22,"column":37}},"2":{"start":{"line":27,"column":28},"end":{"line":27,"column":58}},"3":{"start":{"line":28,"column":0},"end":{"line":47,"column":2}},"4":{"start":{"line":32,"column":4},"end":{"line":34,"column":5}},"5":{"start":{"line":33,"column":6},"end":{"line":33,"column":19}},"6":{"start":{"line":36,"column":4},"end":{"line":38,"column":5}},"7":{"start":{"line":37,"column":6},"end":{"line":37,"column":19}},"8":{"start":{"line":40,"column":4},"end":{"line":42,"column":5}},"9":{"start":{"line":41,"column":6},"end":{"line":41,"column":19}},"10":{"start":{"line":44,"column":4},"end":{"line":44,"column":16}},"11":{"start":{"line":51,"column":0},"end":{"line":62,"column":2}},"12":{"start":{"line":53,"column":15},"end":{"line":53,"column":83}},"13":{"start":{"line":66,"column":0},"end":{"line":70,"column":3}},"14":{"start":{"line":67,"column":2},"end":{"line":69,"column":3}},"15":{"start":{"line":68,"column":4},"end":{"line":68,"column":23}}},"fnMap":{"0":{"name":"(anonymous_0)","decl":{"start":{"line":30,"column":2},"end":{"line":30,"column":3}},"loc":{"start":{"line":30,"column":24},"end":{"line":45,"column":3}},"line":30},"1":{"name":"(anonymous_1)","decl":{"start":{"line":53,"column":2},"end":{"line":53,"column":3}},"loc":{"start":{"line":53,"column":15},"end":{"line":53,"column":83}},"line":53},"2":{"name":"(anonymous_2)","decl":{"start":{"line":66,"column":33},"end":{"line":66,"column":34}},"loc":{"start":{"line":66,"column":44},"end":{"line":70,"column":1}},"line":66}},"branchMap":{"0":{"loc":{"start":{"line":32,"column":4},"end":{"line":34,"column":5}},"type":"if","locations":[{"start":{"line":32,"column":4},"end":{"line":34,"column":5}},{"start":{"line":32,"column":4},"end":{"line":34,"column":5}}],"line":32},"1":{"loc":{"start":{"line":36,"column":4},"end":{"line":38,"column":5}},"type":"if","locations":[{"start":{"line":36,"column":4},"end":{"line":38,"column":5}},{"start":{"line":36,"column":4},"end":{"line":38,"column":5}}],"line":36},"2":{"loc":{"start":{"line":40,"column":4},"end":{"line":42,"column":5}},"type":"if","locations":[{"start":{"line":40,"column":4},"end":{"line":42,"column":5}},{"start":{"line":40,"column":4},"end":{"line":42,"column":5}}],"line":40},"3":{"loc":{"start":{"line":53,"column":15},"end":{"line":53,"column":83}},"type":"binary-expr","locations":[{"start":{"line":53,"column":15},"end":{"line":53,"column":50}},{"start":{"line":53,"column":54},"end":{"line":53,"column":83}}],"line":53},"4":{"loc":{"start":{"line":67,"column":2},"end":{"line":69,"column":3}},"type":"if","locations":[{"start":{"line":67,"column":2},"end":{"line":69,"column":3}},{"start":{"line":67,"column":2},"end":{"line":69,"column":3}}],"line":67},"5":{"loc":{"start":{"line":67,"column":6},"end":{"line":67,"column":54}},"type":"binary-expr","locations":[{"start":{"line":67,"column":6},"end":{"line":67,"column":16}},{"start":{"line":67,"column":20},"end":{"line":67,"column":54}}],"line":67}},"s":{"0":0,"1":0,"2":0,"3":0,"4":0,"5":0,"6":0,"7":0,"8":0,"9":0,"10":0,"11":0,"12":0,"13":0,"14":0,"15":0},"f":{"0":0,"1":0,"2":0},"b":{"0":[0,0],"1":[0,0],"2":[0,0],"3":[0,0],"4":[0,0],"5":[0,0]}}
,"/Users/alisia/Projects/ReactProjects/crown-cloth/client/src/serviceWorkerRegistration.js": {"path":"/Users/alisia/Projects/ReactProjects/crown-cloth/client/src/serviceWorkerRegistration.js","statementMap":{"0":{"start":{"line":13,"column":20},"end":{"line":19,"column":1}},"1":{"start":{"line":22,"column":2},"end":{"line":52,"column":3}},"2":{"start":{"line":24,"column":22},"end":{"line":24,"column":75}},"3":{"start":{"line":25,"column":4},"end":{"line":30,"column":5}},"4":{"start":{"line":29,"column":6},"end":{"line":29,"column":13}},"5":{"start":{"line":32,"column":4},"end":{"line":51,"column":7}},"6":{"start":{"line":33,"column":20},"end":{"line":33,"column":65}},"7":{"start":{"line":35,"column":6},"end":{"line":50,"column":7}},"8":{"start":{"line":37,"column":8},"end":{"line":37,"column":47}},"9":{"start":{"line":41,"column":8},"end":{"line":46,"column":11}},"10":{"start":{"line":42,"column":10},"end":{"line":45,"column":12}},"11":{"start":{"line":49,"column":8},"end":{"line":49,"column":39}},"12":{"start":{"line":56,"column":2},"end":{"line":96,"column":7}},"13":{"start":{"line":59,"column":6},"end":{"line":92,"column":8}},"14":{"start":{"line":60,"column":33},"end":{"line":60,"column":56}},"15":{"start":{"line":61,"column":8},"end":{"line":63,"column":9}},"16":{"start":{"line":62,"column":10},"end":{"line":62,"column":17}},"17":{"start":{"line":64,"column":8},"end":{"line":91,"column":10}},"18":{"start":{"line":65,"column":10},"end":{"line":90,"column":11}},"19":{"start":{"line":66,"column":12},"end":{"line":89,"column":13}},"20":{"start":{"line":70,"column":14},"end":{"line":73,"column":16}},"21":{"start":{"line":76,"column":14},"end":{"line":78,"column":15}},"22":{"start":{"line":77,"column":16},"end":{"line":77,"column":46}},"23":{"start":{"line":83,"column":14},"end":{"line":83,"column":64}},"24":{"start":{"line":86,"column":14},"end":{"line":88,"column":15}},"25":{"start":{"line":87,"column":16},"end":{"line":87,"column":47}},"26":{"start":{"line":95,"column":6},"end":{"line":95,"column":72}},"27":{"start":{"line":101,"column":2},"end":{"line":124,"column":7}},"28":{"start":{"line":106,"column":26},"end":{"line":106,"column":62}},"29":{"start":{"line":107,"column":6},"end":{"line":120,"column":7}},"30":{"start":{"line":112,"column":8},"end":{"line":116,"column":11}},"31":{"start":{"line":113,"column":10},"end":{"line":115,"column":13}},"32":{"start":{"line":114,"column":12},"end":{"line":114,"column":37}},"33":{"start":{"line":119,"column":8},"end":{"line":119,"column":39}},"34":{"start":{"line":123,"column":6},"end":{"line":123,"column":83}},"35":{"start":{"line":128,"column":2},"end":{"line":136,"column":3}},"36":{"start":{"line":129,"column":4},"end":{"line":135,"column":9}},"37":{"start":{"line":131,"column":8},"end":{"line":131,"column":34}},"38":{"start":{"line":134,"column":8},"end":{"line":134,"column":37}}},"fnMap":{"0":{"name":"register","decl":{"start":{"line":21,"column":16},"end":{"line":21,"column":24}},"loc":{"start":{"line":21,"column":33},"end":{"line":53,"column":1}},"line":21},"1":{"name":"(anonymous_1)","decl":{"start":{"line":32,"column":36},"end":{"line":32,"column":37}},"loc":{"start":{"line":32,"column":42},"end":{"line":51,"column":5}},"line":32},"2":{"name":"(anonymous_2)","decl":{"start":{"line":41,"column":43},"end":{"line":41,"column":44}},"loc":{"start":{"line":41,"column":49},"end":{"line":46,"column":9}},"line":41},"3":{"name":"registerValidSW","decl":{"start":{"line":55,"column":9},"end":{"line":55,"column":24}},"loc":{"start":{"line":55,"column":40},"end":{"line":97,"column":1}},"line":55},"4":{"name":"(anonymous_4)","decl":{"start":{"line":58,"column":10},"end":{"line":58,"column":11}},"loc":{"start":{"line":58,"column":28},"end":{"line":93,"column":5}},"line":58},"5":{"name":"(anonymous_5)","decl":{"start":{"line":59,"column":35},"end":{"line":59,"column":36}},"loc":{"start":{"line":59,"column":41},"end":{"line":92,"column":7}},"line":59},"6":{"name":"(anonymous_6)","decl":{"start":{"line":64,"column":41},"end":{"line":64,"column":42}},"loc":{"start":{"line":64,"column":47},"end":{"line":91,"column":9}},"line":64},"7":{"name":"(anonymous_7)","decl":{"start":{"line":94,"column":11},"end":{"line":94,"column":12}},"loc":{"start":{"line":94,"column":22},"end":{"line":96,"column":5}},"line":94},"8":{"name":"checkValidServiceWorker","decl":{"start":{"line":99,"column":9},"end":{"line":99,"column":32}},"loc":{"start":{"line":99,"column":48},"end":{"line":125,"column":1}},"line":99},"9":{"name":"(anonymous_9)","decl":{"start":{"line":104,"column":10},"end":{"line":104,"column":11}},"loc":{"start":{"line":104,"column":24},"end":{"line":121,"column":5}},"line":104},"10":{"name":"(anonymous_10)","decl":{"start":{"line":112,"column":43},"end":{"line":112,"column":44}},"loc":{"start":{"line":112,"column":61},"end":{"line":116,"column":9}},"line":112},"11":{"name":"(anonymous_11)","decl":{"start":{"line":113,"column":41},"end":{"line":113,"column":42}},"loc":{"start":{"line":113,"column":47},"end":{"line":115,"column":11}},"line":113},"12":{"name":"(anonymous_12)","decl":{"start":{"line":122,"column":11},"end":{"line":122,"column":12}},"loc":{"start":{"line":122,"column":17},"end":{"line":124,"column":5}},"line":122},"13":{"name":"unregister","decl":{"start":{"line":127,"column":16},"end":{"line":127,"column":26}},"loc":{"start":{"line":127,"column":29},"end":{"line":137,"column":1}},"line":127},"14":{"name":"(anonymous_14)","decl":{"start":{"line":130,"column":12},"end":{"line":130,"column":13}},"loc":{"start":{"line":130,"column":30},"end":{"line":132,"column":7}},"line":130},"15":{"name":"(anonymous_15)","decl":{"start":{"line":133,"column":13},"end":{"line":133,"column":14}},"loc":{"start":{"line":133,"column":24},"end":{"line":135,"column":7}},"line":133}},"branchMap":{"0":{"loc":{"start":{"line":14,"column":2},"end":{"line":18,"column":92}},"type":"binary-expr","locations":[{"start":{"line":14,"column":2},"end":{"line":14,"column":42}},{"start":{"line":16,"column":4},"end":{"line":16,"column":40}},{"start":{"line":18,"column":4},"end":{"line":18,"column":92}}],"line":14},"1":{"loc":{"start":{"line":22,"column":2},"end":{"line":52,"column":3}},"type":"if","locations":[{"start":{"line":22,"column":2},"end":{"line":52,"column":3}},{"start":{"line":22,"column":2},"end":{"line":52,"column":3}}],"line":22},"2":{"loc":{"start":{"line":22,"column":6},"end":{"line":22,"column":75}},"type":"binary-expr","locations":[{"start":{"line":22,"column":6},"end":{"line":22,"column":43}},{"start":{"line":22,"column":47},"end":{"line":22,"column":75}}],"line":22},"3":{"loc":{"start":{"line":25,"column":4},"end":{"line":30,"column":5}},"type":"if","locations":[{"start":{"line":25,"column":4},"end":{"line":30,"column":5}},{"start":{"line":25,"column":4},"end":{"line":30,"column":5}}],"line":25},"4":{"loc":{"start":{"line":35,"column":6},"end":{"line":50,"column":7}},"type":"if","locations":[{"start":{"line":35,"column":6},"end":{"line":50,"column":7}},{"start":{"line":35,"column":6},"end":{"line":50,"column":7}}],"line":35},"5":{"loc":{"start":{"line":61,"column":8},"end":{"line":63,"column":9}},"type":"if","locations":[{"start":{"line":61,"column":8},"end":{"line":63,"column":9}},{"start":{"line":61,"column":8},"end":{"line":63,"column":9}}],"line":61},"6":{"loc":{"start":{"line":65,"column":10},"end":{"line":90,"column":11}},"type":"if","locations":[{"start":{"line":65,"column":10},"end":{"line":90,"column":11}},{"start":{"line":65,"column":10},"end":{"line":90,"column":11}}],"line":65},"7":{"loc":{"start":{"line":66,"column":12},"end":{"line":89,"column":13}},"type":"if","locations":[{"start":{"line":66,"column":12},"end":{"line":89,"column":13}},{"start":{"line":66,"column":12},"end":{"line":89,"column":13}}],"line":66},"8":{"loc":{"start":{"line":76,"column":14},"end":{"line":78,"column":15}},"type":"if","locations":[{"start":{"line":76,"column":14},"end":{"line":78,"column":15}},{"start":{"line":76,"column":14},"end":{"line":78,"column":15}}],"line":76},"9":{"loc":{"start":{"line":76,"column":18},"end":{"line":76,"column":43}},"type":"binary-expr","locations":[{"start":{"line":76,"column":18},"end":{"line":76,"column":24}},{"start":{"line":76,"column":28},"end":{"line":76,"column":43}}],"line":76},"10":{"loc":{"start":{"line":86,"column":14},"end":{"line":88,"column":15}},"type":"if","locations":[{"start":{"line":86,"column":14},"end":{"line":88,"column":15}},{"start":{"line":86,"column":14},"end":{"line":88,"column":15}}],"line":86},"11":{"loc":{"start":{"line":86,"column":18},"end":{"line":86,"column":44}},"type":"binary-expr","locations":[{"start":{"line":86,"column":18},"end":{"line":86,"column":24}},{"start":{"line":86,"column":28},"end":{"line":86,"column":44}}],"line":86},"12":{"loc":{"start":{"line":107,"column":6},"end":{"line":120,"column":7}},"type":"if","locations":[{"start":{"line":107,"column":6},"end":{"line":120,"column":7}},{"start":{"line":107,"column":6},"end":{"line":120,"column":7}}],"line":107},"13":{"loc":{"start":{"line":108,"column":8},"end":{"line":109,"column":73}},"type":"binary-expr","locations":[{"start":{"line":108,"column":8},"end":{"line":108,"column":31}},{"start":{"line":109,"column":9},"end":{"line":109,"column":28}},{"start":{"line":109,"column":32},"end":{"line":109,"column":72}}],"line":108},"14":{"loc":{"start":{"line":128,"column":2},"end":{"line":136,"column":3}},"type":"if","locations":[{"start":{"line":128,"column":2},"end":{"line":136,"column":3}},{"start":{"line":128,"column":2},"end":{"line":136,"column":3}}],"line":128}},"s":{"0":0,"1":0,"2":0,"3":0,"4":0,"5":0,"6":0,"7":0,"8":0,"9":0,"10":0,"11":0,"12":0,"13":0,"14":0,"15":0,"16":0,"17":0,"18":0,"19":0,"20":0,"21":0,"22":0,"23":0,"24":0,"25":0,"26":0,"27":0,"28":0,"29":0,"30":0,"31":0,"32":0,"33":0,"34":0,"35":0,"36":0,"37":0,"38":0},"f":{"0":0,"1":0,"2":0,"3":0,"4":0,"5":0,"6":0,"7":0,"8":0,"9":0,"10":0,"11":0,"12":0,"13":0,"14":0,"15":0},"b":{"0":[0,0,0],"1":[0,0],"2":[0,0],"3":[0,0],"4":[0,0],"5":[0,0],"6":[0,0],"7":[0,0],"8":[0,0],"9":[0,0],"10":[0,0],"11":[0,0],"12":[0,0],"13":[0,0,0],"14":[0,0]}}
,"/Users/alisia/Projects/ReactProjects/crown-cloth/client/src/components/cart-dropdown/cart-dropdown.component.jsx": {"path":"/Users/alisia/Projects/ReactProjects/crown-cloth/client/src/components/cart-dropdown/cart-dropdown.component.jsx","statementMap":{"0":{"start":{"line":15,"column":21},"end":{"line":42,"column":1}},"1":{"start":{"line":16,"column":2},"end":{"line":41,"column":24}},"2":{"start":{"line":21,"column":10},"end":{"line":21,"column":53}},"3":{"start":{"line":26,"column":12},"end":{"line":26,"column":58}},"4":{"start":{"line":35,"column":8},"end":{"line":35,"column":34}},"5":{"start":{"line":36,"column":8},"end":{"line":36,"column":27}}},"fnMap":{"0":{"name":"(anonymous_0)","decl":{"start":{"line":15,"column":21},"end":{"line":15,"column":22}},"loc":{"start":{"line":16,"column":2},"end":{"line":41,"column":24}},"line":16},"1":{"name":"(anonymous_1)","decl":{"start":{"line":20,"column":18},"end":{"line":20,"column":19}},"loc":{"start":{"line":20,"column":49},"end":{"line":22,"column":9}},"line":20},"2":{"name":"(anonymous_2)","decl":{"start":{"line":25,"column":24},"end":{"line":25,"column":25}},"loc":{"start":{"line":26,"column":12},"end":{"line":26,"column":58}},"line":26},"3":{"name":"(anonymous_3)","decl":{"start":{"line":34,"column":15},"end":{"line":34,"column":16}},"loc":{"start":{"line":34,"column":21},"end":{"line":37,"column":7}},"line":34}},"branchMap":{"0":{"loc":{"start":{"line":24,"column":9},"end":{"line":30,"column":9}},"type":"cond-expr","locations":[{"start":{"line":25,"column":10},"end":{"line":27,"column":12}},{"start":{"line":29,"column":10},"end":{"line":29,"column":67}}],"line":24}},"s":{"0":0,"1":0,"2":0,"3":0,"4":0,"5":0},"f":{"0":0,"1":0,"2":0,"3":0},"b":{"0":[0,0]}}
,"/Users/alisia/Projects/ReactProjects/crown-cloth/client/src/components/cart-dropdown/cart-dropdown.container.jsx": {"path":"/Users/alisia/Projects/ReactProjects/crown-cloth/client/src/components/cart-dropdown/cart-dropdown.container.jsx","statementMap":{"0":{"start":{"line":14,"column":24},"end":{"line":16,"column":2}},"1":{"start":{"line":18,"column":30},"end":{"line":21,"column":15}}},"fnMap":{},"branchMap":{},"s":{"0":0,"1":0},"f":{},"b":{}}
,"/Users/alisia/Projects/ReactProjects/crown-cloth/client/src/components/cart-dropdown/cart-dropdown.styles.jsx": {"path":"/Users/alisia/Projects/ReactProjects/crown-cloth/client/src/components/cart-dropdown/cart-dropdown.styles.jsx","statementMap":{"0":{"start":{"line":3,"column":35},"end":{"line":15,"column":1}},"1":{"start":{"line":17,"column":34},"end":{"line":22,"column":1}},"2":{"start":{"line":24,"column":33},"end":{"line":27,"column":1}}},"fnMap":{},"branchMap":{},"s":{"0":0,"1":0,"2":0},"f":{},"b":{}}
,"/Users/alisia/Projects/ReactProjects/crown-cloth/client/src/components/cart-dropdown/index.js": {"path":"/Users/alisia/Projects/ReactProjects/crown-cloth/client/src/components/cart-dropdown/index.js","statementMap":{},"fnMap":{},"branchMap":{},"s":{},"f":{},"b":{}}
,"/Users/alisia/Projects/ReactProjects/crown-cloth/client/src/components/cart-icon/cart-icon.component.jsx": {"path":"/Users/alisia/Projects/ReactProjects/crown-cloth/client/src/components/cart-icon/cart-icon.component.jsx","statementMap":{"0":{"start":{"line":11,"column":17},"end":{"line":16,"column":1}},"1":{"start":{"line":12,"column":2},"end":{"line":15,"column":20}}},"fnMap":{"0":{"name":"(anonymous_0)","decl":{"start":{"line":11,"column":17},"end":{"line":11,"column":18}},"loc":{"start":{"line":12,"column":2},"end":{"line":15,"column":20}},"line":12}},"branchMap":{},"s":{"0":0,"1":0},"f":{"0":0},"b":{}}
,"/Users/alisia/Projects/ReactProjects/crown-cloth/client/src/components/cart-icon/cart-icon.container.jsx": {"path":"/Users/alisia/Projects/ReactProjects/crown-cloth/client/src/components/cart-icon/cart-icon.container.jsx","statementMap":{"0":{"start":{"line":12,"column":24},"end":{"line":14,"column":2}},"1":{"start":{"line":16,"column":26},"end":{"line":18,"column":1}}},"fnMap":{},"branchMap":{},"s":{"0":0,"1":0},"f":{},"b":{}}
,"/Users/alisia/Projects/ReactProjects/crown-cloth/client/src/components/cart-icon/cart-icon.styles.jsx": {"path":"/Users/alisia/Projects/ReactProjects/crown-cloth/client/src/components/cart-icon/cart-icon.styles.jsx","statementMap":{"0":{"start":{"line":6,"column":31},"end":{"line":14,"column":1}},"1":{"start":{"line":16,"column":37},"end":{"line":19,"column":1}},"2":{"start":{"line":21,"column":34},"end":{"line":26,"column":1}}},"fnMap":{},"branchMap":{},"s":{"0":0,"1":0,"2":0},"f":{},"b":{}}
,"/Users/alisia/Projects/ReactProjects/crown-cloth/client/src/components/cart-icon/index.js": {"path":"/Users/alisia/Projects/ReactProjects/crown-cloth/client/src/components/cart-icon/index.js","statementMap":{},"fnMap":{},"branchMap":{},"s":{},"f":{},"b":{}}
,"/Users/alisia/Projects/ReactProjects/crown-cloth/client/src/components/cart-item/cart-item.component.jsx": {"path":"/Users/alisia/Projects/ReactProjects/crown-cloth/client/src/components/cart-item/cart-item.component.jsx","statementMap":{"0":{"start":{"line":13,"column":17},"end":{"line":23,"column":1}},"1":{"start":{"line":14,"column":2},"end":{"line":22,"column":22}}},"fnMap":{"0":{"name":"(anonymous_0)","decl":{"start":{"line":13,"column":17},"end":{"line":13,"column":18}},"loc":{"start":{"line":14,"column":2},"end":{"line":22,"column":22}},"line":14}},"branchMap":{},"s":{"0":1,"1":1},"f":{"0":1},"b":{},"_coverageSchema":"1a1c01bbd47fc00a2c39e90264f33305004495a9","hash":"a742cfcce20ff21503288f74782a66fe688100b8"}
,"/Users/alisia/Projects/ReactProjects/crown-cloth/client/src/components/cart-item/cart-item.styles.jsx": {"path":"/Users/alisia/Projects/ReactProjects/crown-cloth/client/src/components/cart-item/cart-item.styles.jsx","statementMap":{"0":{"start":{"line":3,"column":33},"end":{"line":8,"column":1}},"1":{"start":{"line":10,"column":30},"end":{"line":12,"column":1}},"2":{"start":{"line":14,"column":36},"end":{"line":21,"column":1}},"3":{"start":{"line":23,"column":33},"end":{"line":25,"column":1}},"4":{"start":{"line":27,"column":34},"end":{"line":27,"column":47}}},"fnMap":{},"branchMap":{},"s":{"0":1,"1":1,"2":1,"3":1,"4":1},"f":{},"b":{},"_coverageSchema":"1a1c01bbd47fc00a2c39e90264f33305004495a9","hash":"b33202c781932f3c2b2faf60ba7c38248cf331b3"}
,"/Users/alisia/Projects/ReactProjects/crown-cloth/client/src/components/cart-item/index.js": {"path":"/Users/alisia/Projects/ReactProjects/crown-cloth/client/src/components/cart-item/index.js","statementMap":{},"fnMap":{},"branchMap":{},"s":{},"f":{},"b":{}}
,"/Users/alisia/Projects/ReactProjects/crown-cloth/client/src/components/checkout-item/checkout-item.component.jsx": {"path":"/Users/alisia/Projects/ReactProjects/crown-cloth/client/src/components/checkout-item/checkout-item.component.jsx","statementMap":{"0":{"start":{"line":23,"column":28},"end":{"line":49,"column":1}},"1":{"start":{"line":29,"column":46},"end":{"line":29,"column":50}},"2":{"start":{"line":30,"column":2},"end":{"line":48,"column":4}},"3":{"start":{"line":37,"column":39},"end":{"line":37,"column":55}},"4":{"start":{"line":41,"column":39},"end":{"line":41,"column":52}},"5":{"start":{"line":44,"column":42},"end":{"line":44,"column":65}}},"fnMap":{"0":{"name":"(anonymous_0)","decl":{"start":{"line":23,"column":28},"end":{"line":23,"column":29}},"loc":{"start":{"line":28,"column":6},"end":{"line":49,"column":1}},"line":28},"1":{"name":"(anonymous_1)","decl":{"start":{"line":37,"column":33},"end":{"line":37,"column":34}},"loc":{"start":{"line":37,"column":39},"end":{"line":37,"column":55}},"line":37},"2":{"name":"(anonymous_2)","decl":{"start":{"line":41,"column":33},"end":{"line":41,"column":34}},"loc":{"start":{"line":41,"column":39},"end":{"line":41,"column":52}},"line":41},"3":{"name":"(anonymous_3)","decl":{"start":{"line":44,"column":36},"end":{"line":44,"column":37}},"loc":{"start":{"line":44,"column":42},"end":{"line":44,"column":65}},"line":44}},"branchMap":{},"s":{"0":1,"1":1,"2":1,"3":0,"4":0,"5":0},"f":{"0":1,"1":0,"2":0,"3":0},"b":{},"_coverageSchema":"1a1c01bbd47fc00a2c39e90264f33305004495a9","hash":"ea4837aacfa8055c4e1ef8070248495b5591b996"}
,"/Users/alisia/Projects/ReactProjects/crown-cloth/client/src/components/checkout-item/checkout-item.styles.jsx": {"path":"/Users/alisia/Projects/ReactProjects/crown-cloth/client/src/components/checkout-item/checkout-item.styles.jsx","statementMap":{"0":{"start":{"line":3,"column":27},"end":{"line":5,"column":1}},"1":{"start":{"line":6,"column":37},"end":{"line":14,"column":1}},"2":{"start":{"line":16,"column":30},"end":{"line":24,"column":1}},"3":{"start":{"line":26,"column":29},"end":{"line":28,"column":1}},"4":{"start":{"line":30,"column":28},"end":{"line":33,"column":1}},"5":{"start":{"line":35,"column":30},"end":{"line":37,"column":1}},"6":{"start":{"line":39,"column":34},"end":{"line":41,"column":1}},"7":{"start":{"line":43,"column":35},"end":{"line":46,"column":1}}},"fnMap":{},"branchMap":{},"s":{"0":1,"1":1,"2":1,"3":1,"4":1,"5":1,"6":1,"7":1},"f":{},"b":{},"_coverageSchema":"1a1c01bbd47fc00a2c39e90264f33305004495a9","hash":"ea26f7a8077e4b2c9eed423f0f7ea0889771d54d"}
,"/Users/alisia/Projects/ReactProjects/crown-cloth/client/src/components/checkout-item/index.js": {"path":"/Users/alisia/Projects/ReactProjects/crown-cloth/client/src/components/checkout-item/index.js","statementMap":{},"fnMap":{},"branchMap":{},"s":{},"f":{},"b":{}}
,"/Users/alisia/Projects/ReactProjects/crown-cloth/client/src/components/collection-item/collection-item.component.jsx": {"path":"/Users/alisia/Projects/ReactProjects/crown-cloth/client/src/components/collection-item/collection-item.component.jsx","statementMap":{"0":{"start":{"line":18,"column":23},"end":{"line":41,"column":1}},"1":{"start":{"line":19,"column":36},"end":{"line":19,"column":40}},"2":{"start":{"line":20,"column":2},"end":{"line":40,"column":4}},"3":{"start":{"line":35,"column":23},"end":{"line":35,"column":36}}},"fnMap":{"0":{"name":"(anonymous_0)","decl":{"start":{"line":18,"column":23},"end":{"line":18,"column":24}},"loc":{"start":{"line":18,"column":46},"end":{"line":41,"column":1}},"line":18},"1":{"name":"(anonymous_1)","decl":{"start":{"line":35,"column":17},"end":{"line":35,"column":18}},"loc":{"start":{"line":35,"column":23},"end":{"line":35,"column":36}},"line":35}},"branchMap":{},"s":{"0":0,"1":0,"2":0,"3":0},"f":{"0":0,"1":0},"b":{}}
,"/Users/alisia/Projects/ReactProjects/crown-cloth/client/src/components/collection-item/collection-item.styles.jsx": {"path":"/Users/alisia/Projects/ReactProjects/crown-cloth/client/src/components/collection-item/collection-item.styles.jsx","statementMap":{"0":{"start":{"line":6,"column":39},"end":{"line":40,"column":1}},"1":{"start":{"line":42,"column":41},"end":{"line":48,"column":1}},"2":{"start":{"line":50,"column":31},"end":{"line":58,"column":1}},"3":{"start":{"line":57,"column":40},"end":{"line":57,"column":58}},"4":{"start":{"line":60,"column":29},"end":{"line":63,"column":1}},"5":{"start":{"line":65,"column":30},"end":{"line":67,"column":1}},"6":{"start":{"line":69,"column":37},"end":{"line":79,"column":1}}},"fnMap":{"0":{"name":"(anonymous_0)","decl":{"start":{"line":57,"column":22},"end":{"line":57,"column":23}},"loc":{"start":{"line":57,"column":40},"end":{"line":57,"column":58}},"line":57}},"branchMap":{},"s":{"0":0,"1":0,"2":0,"3":0,"4":0,"5":0,"6":0},"f":{"0":0},"b":{}}
,"/Users/alisia/Projects/ReactProjects/crown-cloth/client/src/components/collection-item/index.js": {"path":"/Users/alisia/Projects/ReactProjects/crown-cloth/client/src/components/collection-item/index.js","statementMap":{},"fnMap":{},"branchMap":{},"s":{},"f":{},"b":{}}
,"/Users/alisia/Projects/ReactProjects/crown-cloth/client/src/components/collections-overview/collections-overview.component.jsx": {"path":"/Users/alisia/Projects/ReactProjects/crown-cloth/client/src/components/collections-overview/collections-overview.component.jsx","statementMap":{"0":{"start":{"line":15,"column":28},"end":{"line":21,"column":1}},"1":{"start":{"line":16,"column":2},"end":{"line":20,"column":33}},"2":{"start":{"line":18,"column":6},"end":{"line":18,"column":57}},"3":{"start":{"line":23,"column":24},"end":{"line":25,"column":2}}},"fnMap":{"0":{"name":"(anonymous_0)","decl":{"start":{"line":15,"column":28},"end":{"line":15,"column":29}},"loc":{"start":{"line":16,"column":2},"end":{"line":20,"column":33}},"line":16},"1":{"name":"(anonymous_1)","decl":{"start":{"line":17,"column":21},"end":{"line":17,"column":22}},"loc":{"start":{"line":18,"column":6},"end":{"line":18,"column":57}},"line":18}},"branchMap":{},"s":{"0":0,"1":0,"2":0,"3":0},"f":{"0":0,"1":0},"b":{}}
,"/Users/alisia/Projects/ReactProjects/crown-cloth/client/src/components/collections-overview/collections-overview.container.jsx": {"path":"/Users/alisia/Projects/ReactProjects/crown-cloth/client/src/components/collections-overview/collections-overview.container.jsx","statementMap":{"0":{"start":{"line":13,"column":24},"end":{"line":15,"column":2}},"1":{"start":{"line":17,"column":36},"end":{"line":20,"column":22}}},"fnMap":{},"branchMap":{},"s":{"0":0,"1":0},"f":{},"b":{}}
,"/Users/alisia/Projects/ReactProjects/crown-cloth/client/src/components/collections-overview/collections-overview.styles.jsx": {"path":"/Users/alisia/Projects/ReactProjects/crown-cloth/client/src/components/collections-overview/collections-overview.styles.jsx","statementMap":{"0":{"start":{"line":3,"column":44},"end":{"line":6,"column":1}}},"fnMap":{},"branchMap":{},"s":{"0":0},"f":{},"b":{}}
,"/Users/alisia/Projects/ReactProjects/crown-cloth/client/src/components/collections-overview/index.js": {"path":"/Users/alisia/Projects/ReactProjects/crown-cloth/client/src/components/collections-overview/index.js","statementMap":{},"fnMap":{},"branchMap":{},"s":{},"f":{},"b":{}}
,"/Users/alisia/Projects/ReactProjects/crown-cloth/client/src/components/custom-button/custom-button.component.jsx": {"path":"/Users/alisia/Projects/ReactProjects/crown-cloth/client/src/components/custom-button/custom-button.component.jsx","statementMap":{"0":{"start":{"line":7,"column":28},"end":{"line":9,"column":1}},"1":{"start":{"line":8,"column":2},"end":{"line":8,"column":70}}},"fnMap":{"0":{"name":"(anonymous_0)","decl":{"start":{"line":7,"column":28},"end":{"line":7,"column":29}},"loc":{"start":{"line":8,"column":2},"end":{"line":8,"column":70}},"line":8}},"branchMap":{},"s":{"0":1,"1":1},"f":{"0":1},"b":{},"_coverageSchema":"1a1c01bbd47fc00a2c39e90264f33305004495a9","hash":"ad8034479b75d17e5a7d62e6dfe2b21daf566a3d"}
,"/Users/alisia/Projects/ReactProjects/crown-cloth/client/src/components/custom-button/custom-button.styles.jsx": {"path":"/Users/alisia/Projects/ReactProjects/crown-cloth/client/src/components/custom-button/custom-button.styles.jsx","statementMap":{"0":{"start":{"line":3,"column":21},"end":{"line":13,"column":1}},"1":{"start":{"line":15,"column":29},"end":{"line":25,"column":1}},"2":{"start":{"line":27,"column":27},"end":{"line":35,"column":1}},"3":{"start":{"line":37,"column":24},"end":{"line":43,"column":1}},"4":{"start":{"line":38,"column":2},"end":{"line":40,"column":3}},"5":{"start":{"line":39,"column":4},"end":{"line":39,"column":30}},"6":{"start":{"line":42,"column":2},"end":{"line":42,"column":62}},"7":{"start":{"line":45,"column":37},"end":{"line":62,"column":1}}},"fnMap":{"0":{"name":"(anonymous_0)","decl":{"start":{"line":37,"column":24},"end":{"line":37,"column":25}},"loc":{"start":{"line":37,"column":35},"end":{"line":43,"column":1}},"line":37}},"branchMap":{"0":{"loc":{"start":{"line":38,"column":2},"end":{"line":40,"column":3}},"type":"if","locations":[{"start":{"line":38,"column":2},"end":{"line":40,"column":3}},{"start":{"line":38,"column":2},"end":{"line":40,"column":3}}],"line":38},"1":{"loc":{"start":{"line":42,"column":9},"end":{"line":42,"column":61}},"type":"cond-expr","locations":[{"start":{"line":42,"column":26},"end":{"line":42,"column":46}},{"start":{"line":42,"column":49},"end":{"line":42,"column":61}}],"line":42}},"s":{"0":1,"1":1,"2":1,"3":1,"4":1,"5":0,"6":1,"7":1},"f":{"0":1},"b":{"0":[0,1],"1":[0,1]},"_coverageSchema":"1a1c01bbd47fc00a2c39e90264f33305004495a9","hash":"0f12f1398531367fea827fbee1d76f0fb371eddb"}
,"/Users/alisia/Projects/ReactProjects/crown-cloth/client/src/components/custom-button/index.js": {"path":"/Users/alisia/Projects/ReactProjects/crown-cloth/client/src/components/custom-button/index.js","statementMap":{},"fnMap":{},"branchMap":{},"s":{},"f":{},"b":{}}
,"/Users/alisia/Projects/ReactProjects/crown-cloth/client/src/components/directory/directory.component.jsx": {"path":"/Users/alisia/Projects/ReactProjects/crown-cloth/client/src/components/directory/directory.component.jsx","statementMap":{"0":{"start":{"line":15,"column":18},"end":{"line":21,"column":1}},"1":{"start":{"line":16,"column":2},"end":{"line":20,"column":27}},"2":{"start":{"line":18,"column":6},"end":{"line":18,"column":45}},"3":{"start":{"line":23,"column":24},"end":{"line":25,"column":2}}},"fnMap":{"0":{"name":"(anonymous_0)","decl":{"start":{"line":15,"column":18},"end":{"line":15,"column":19}},"loc":{"start":{"line":16,"column":2},"end":{"line":20,"column":27}},"line":16},"1":{"name":"(anonymous_1)","decl":{"start":{"line":17,"column":18},"end":{"line":17,"column":19}},"loc":{"start":{"line":18,"column":6},"end":{"line":18,"column":45}},"line":18}},"branchMap":{},"s":{"0":0,"1":0,"2":0,"3":0},"f":{"0":0,"1":0},"b":{}}
,"/Users/alisia/Projects/ReactProjects/crown-cloth/client/src/components/directory/directory.styles.jsx": {"path":"/Users/alisia/Projects/ReactProjects/crown-cloth/client/src/components/directory/directory.styles.jsx","statementMap":{"0":{"start":{"line":3,"column":38},"end":{"line":8,"column":1}}},"fnMap":{},"branchMap":{},"s":{"0":0},"f":{},"b":{}}
,"/Users/alisia/Projects/ReactProjects/crown-cloth/client/src/components/directory/index.js": {"path":"/Users/alisia/Projects/ReactProjects/crown-cloth/client/src/components/directory/index.js","statementMap":{},"fnMap":{},"branchMap":{},"s":{},"f":{},"b":{}}
,"/Users/alisia/Projects/ReactProjects/crown-cloth/client/src/components/error-boundary/error-boundary.component.jsx": {"path":"/Users/alisia/Projects/ReactProjects/crown-cloth/client/src/components/error-boundary/error-boundary.component.jsx","statementMap":{"0":{"start":{"line":12,"column":10},"end":{"line":14,"column":3}},"1":{"start":{"line":17,"column":4},"end":{"line":19,"column":6}},"2":{"start":{"line":23,"column":4},"end":{"line":23,"column":23}},"3":{"start":{"line":27,"column":4},"end":{"line":34,"column":5}},"4":{"start":{"line":28,"column":6},"end":{"line":33,"column":8}},"5":{"start":{"line":36,"column":4},"end":{"line":36,"column":31}}},"fnMap":{"0":{"name":"(anonymous_0)","decl":{"start":{"line":15,"column":2},"end":{"line":15,"column":3}},"loc":{"start":{"line":15,"column":41},"end":{"line":20,"column":3}},"line":15},"1":{"name":"(anonymous_1)","decl":{"start":{"line":22,"column":2},"end":{"line":22,"column":3}},"loc":{"start":{"line":22,"column":33},"end":{"line":24,"column":3}},"line":22},"2":{"name":"(anonymous_2)","decl":{"start":{"line":26,"column":2},"end":{"line":26,"column":3}},"loc":{"start":{"line":26,"column":11},"end":{"line":37,"column":3}},"line":26}},"branchMap":{"0":{"loc":{"start":{"line":27,"column":4},"end":{"line":34,"column":5}},"type":"if","locations":[{"start":{"line":27,"column":4},"end":{"line":34,"column":5}},{"start":{"line":27,"column":4},"end":{"line":34,"column":5}}],"line":27}},"s":{"0":0,"1":0,"2":0,"3":0,"4":0,"5":0},"f":{"0":0,"1":0,"2":0},"b":{"0":[0,0]}}
,"/Users/alisia/Projects/ReactProjects/crown-cloth/client/src/components/error-boundary/error-boundary.styles.jsx": {"path":"/Users/alisia/Projects/ReactProjects/crown-cloth/client/src/components/error-boundary/error-boundary.styles.jsx","statementMap":{"0":{"start":{"line":3,"column":33},"end":{"line":10,"column":1}},"1":{"start":{"line":12,"column":35},"end":{"line":19,"column":1}},"2":{"start":{"line":14,"column":40},"end":{"line":14,"column":58}},"3":{"start":{"line":21,"column":30},"end":{"line":24,"column":1}}},"fnMap":{"0":{"name":"(anonymous_0)","decl":{"start":{"line":14,"column":22},"end":{"line":14,"column":23}},"loc":{"start":{"line":14,"column":40},"end":{"line":14,"column":58}},"line":14}},"branchMap":{},"s":{"0":0,"1":0,"2":0,"3":0},"f":{"0":0},"b":{}}
,"/Users/alisia/Projects/ReactProjects/crown-cloth/client/src/components/form-input/form-input.component.jsx": {"path":"/Users/alisia/Projects/ReactProjects/crown-cloth/client/src/components/form-input/form-input.component.jsx","statementMap":{"0":{"start":{"line":11,"column":25},"end":{"line":20,"column":1}},"1":{"start":{"line":12,"column":2},"end":{"line":19,"column":19}}},"fnMap":{"0":{"name":"(anonymous_0)","decl":{"start":{"line":11,"column":25},"end":{"line":11,"column":26}},"loc":{"start":{"line":12,"column":2},"end":{"line":19,"column":19}},"line":12}},"branchMap":{"0":{"loc":{"start":{"line":14,"column":5},"end":{"line":18,"column":12}},"type":"cond-expr","locations":[{"start":{"line":15,"column":6},"end":{"line":17,"column":23}},{"start":{"line":18,"column":8},"end":{"line":18,"column":12}}],"line":14},"1":{"loc":{"start":{"line":15,"column":33},"end":{"line":15,"column":67}},"type":"cond-expr","locations":[{"start":{"line":15,"column":54},"end":{"line":15,"column":62}},{"start":{"line":15,"column":65},"end":{"line":15,"column":67}}],"line":15}},"s":{"0":0,"1":0},"f":{"0":0},"b":{"0":[0,0],"1":[0,0]}}
,"/Users/alisia/Projects/ReactProjects/crown-cloth/client/src/components/form-input/form-input.styles.jsx": {"path":"/Users/alisia/Projects/ReactProjects/crown-cloth/client/src/components/form-input/form-input.styles.jsx","statementMap":{"0":{"start":{"line":3,"column":17},"end":{"line":3,"column":23}},"1":{"start":{"line":4,"column":18},"end":{"line":4,"column":25}},"2":{"start":{"line":6,"column":26},"end":{"line":10,"column":1}},"3":{"start":{"line":12,"column":30},"end":{"line":18,"column":1}},"4":{"start":{"line":20,"column":34},"end":{"line":38,"column":1}},"5":{"start":{"line":40,"column":30},"end":{"line":52,"column":1}}},"fnMap":{},"branchMap":{},"s":{"0":0,"1":0,"2":0,"3":0,"4":0,"5":0},"f":{},"b":{}}
,"/Users/alisia/Projects/ReactProjects/crown-cloth/client/src/components/form-input/index.js": {"path":"/Users/alisia/Projects/ReactProjects/crown-cloth/client/src/components/form-input/index.js","statementMap":{},"fnMap":{},"branchMap":{},"s":{},"f":{},"b":{}}
,"/Users/alisia/Projects/ReactProjects/crown-cloth/client/src/components/header/header.component.jsx": {"path":"/Users/alisia/Projects/ReactProjects/crown-cloth/client/src/components/header/header.component.jsx","statementMap":{"0":{"start":{"line":26,"column":15},"end":{"line":45,"column":1}},"1":{"start":{"line":27,"column":2},"end":{"line":44,"column":20}},"2":{"start":{"line":47,"column":24},"end":{"line":50,"column":2}}},"fnMap":{"0":{"name":"(anonymous_0)","decl":{"start":{"line":26,"column":15},"end":{"line":26,"column":16}},"loc":{"start":{"line":27,"column":2},"end":{"line":44,"column":20}},"line":27}},"branchMap":{"0":{"loc":{"start":{"line":34,"column":7},"end":{"line":40,"column":7}},"type":"cond-expr","locations":[{"start":{"line":35,"column":8},"end":{"line":37,"column":21}},{"start":{"line":39,"column":8},"end":{"line":39,"column":53}}],"line":34},"1":{"loc":{"start":{"line":43,"column":5},"end":{"line":43,"column":46}},"type":"cond-expr","locations":[{"start":{"line":43,"column":14},"end":{"line":43,"column":18}},{"start":{"line":43,"column":21},"end":{"line":43,"column":46}}],"line":43}},"s":{"0":0,"1":0,"2":0},"f":{"0":0},"b":{"0":[0,0],"1":[0,0]}}
,"/Users/alisia/Projects/ReactProjects/crown-cloth/client/src/components/header/header.styles.jsx": {"path":"/Users/alisia/Projects/ReactProjects/crown-cloth/client/src/components/header/header.styles.jsx","statementMap":{"0":{"start":{"line":4,"column":31},"end":{"line":16,"column":1}},"1":{"start":{"line":18,"column":29},"end":{"line":27,"column":1}},"2":{"start":{"line":29,"column":32},"end":{"line":39,"column":1}},"3":{"start":{"line":41,"column":26},"end":{"line":44,"column":1}}},"fnMap":{},"branchMap":{},"s":{"0":0,"1":0,"2":0,"3":0},"f":{},"b":{}}
,"/Users/alisia/Projects/ReactProjects/crown-cloth/client/src/components/header/index.js": {"path":"/Users/alisia/Projects/ReactProjects/crown-cloth/client/src/components/header/index.js","statementMap":{},"fnMap":{},"branchMap":{},"s":{},"f":{},"b":{}}
,"/Users/alisia/Projects/ReactProjects/crown-cloth/client/src/components/menu-item/index.js": {"path":"/Users/alisia/Projects/ReactProjects/crown-cloth/client/src/components/menu-item/index.js","statementMap":{},"fnMap":{},"branchMap":{},"s":{},"f":{},"b":{}}
,"/Users/alisia/Projects/ReactProjects/crown-cloth/client/src/components/menu-item/menu-item.component.jsx": {"path":"/Users/alisia/Projects/ReactProjects/crown-cloth/client/src/components/menu-item/menu-item.component.jsx","statementMap":{"0":{"start":{"line":14,"column":17},"end":{"line":28,"column":1}},"1":{"start":{"line":15,"column":2},"end":{"line":27,"column":22}},"2":{"start":{"line":17,"column":19},"end":{"line":17,"column":57}}},"fnMap":{"0":{"name":"(anonymous_0)","decl":{"start":{"line":14,"column":17},"end":{"line":14,"column":18}},"loc":{"start":{"line":15,"column":2},"end":{"line":27,"column":22}},"line":15},"1":{"name":"(anonymous_1)","decl":{"start":{"line":17,"column":13},"end":{"line":17,"column":14}},"loc":{"start":{"line":17,"column":19},"end":{"line":17,"column":57}},"line":17}},"branchMap":{},"s":{"0":0,"1":0,"2":0},"f":{"0":0,"1":0},"b":{}}
,"/Users/alisia/Projects/ReactProjects/crown-cloth/client/src/components/menu-item/menu-item.styles.jsx": {"path":"/Users/alisia/Projects/ReactProjects/crown-cloth/client/src/components/menu-item/menu-item.styles.jsx","statementMap":{"0":{"start":{"line":3,"column":33},"end":{"line":34,"column":1}},"1":{"start":{"line":4,"column":27},"end":{"line":4,"column":51}},"2":{"start":{"line":36,"column":40},"end":{"line":42,"column":1}},"3":{"start":{"line":41,"column":40},"end":{"line":41,"column":58}},"4":{"start":{"line":44,"column":32},"end":{"line":55,"column":1}},"5":{"start":{"line":57,"column":28},"end":{"line":62,"column":1}},"6":{"start":{"line":64,"column":31},"end":{"line":67,"column":1}}},"fnMap":{"0":{"name":"(anonymous_0)","decl":{"start":{"line":4,"column":12},"end":{"line":4,"column":13}},"loc":{"start":{"line":4,"column":27},"end":{"line":4,"column":51}},"line":4},"1":{"name":"(anonymous_1)","decl":{"start":{"line":41,"column":22},"end":{"line":41,"column":23}},"loc":{"start":{"line":41,"column":40},"end":{"line":41,"column":58}},"line":41}},"branchMap":{"0":{"loc":{"start":{"line":4,"column":27},"end":{"line":4,"column":51}},"type":"cond-expr","locations":[{"start":{"line":4,"column":34},"end":{"line":4,"column":41}},{"start":{"line":4,"column":44},"end":{"line":4,"column":51}}],"line":4}},"s":{"0":1,"1":1,"2":1,"3":0,"4":1,"5":1,"6":1},"f":{"0":1,"1":0},"b":{"0":[0,1]},"_coverageSchema":"1a1c01bbd47fc00a2c39e90264f33305004495a9","hash":"bc575f9fd58e7aa5253bc05dfd9a36f62c367255"}
,"/Users/alisia/Projects/ReactProjects/crown-cloth/client/src/components/preview-collection/index.js": {"path":"/Users/alisia/Projects/ReactProjects/crown-cloth/client/src/components/preview-collection/index.js","statementMap":{},"fnMap":{},"branchMap":{},"s":{},"f":{},"b":{}}
,"/Users/alisia/Projects/ReactProjects/crown-cloth/client/src/components/preview-collection/preview-collection.component.jsx": {"path":"/Users/alisia/Projects/ReactProjects/crown-cloth/client/src/components/preview-collection/preview-collection.component.jsx","statementMap":{"0":{"start":{"line":14,"column":33},"end":{"line":25,"column":1}},"1":{"start":{"line":15,"column":2},"end":{"line":24,"column":31}},"2":{"start":{"line":19,"column":31},"end":{"line":19,"column":38}},"3":{"start":{"line":21,"column":10},"end":{"line":21,"column":54}}},"fnMap":{"0":{"name":"(anonymous_0)","decl":{"start":{"line":14,"column":33},"end":{"line":14,"column":34}},"loc":{"start":{"line":15,"column":2},"end":{"line":24,"column":31}},"line":15},"1":{"name":"(anonymous_1)","decl":{"start":{"line":19,"column":16},"end":{"line":19,"column":17}},"loc":{"start":{"line":19,"column":31},"end":{"line":19,"column":38}},"line":19},"2":{"name":"(anonymous_2)","decl":{"start":{"line":20,"column":13},"end":{"line":20,"column":14}},"loc":{"start":{"line":21,"column":10},"end":{"line":21,"column":54}},"line":21}},"branchMap":{},"s":{"0":0,"1":0,"2":0,"3":0},"f":{"0":0,"1":0,"2":0},"b":{}}
,"/Users/alisia/Projects/ReactProjects/crown-cloth/client/src/components/preview-collection/preview-collection.styles.jsx": {"path":"/Users/alisia/Projects/ReactProjects/crown-cloth/client/src/components/preview-collection/preview-collection.styles.jsx","statementMap":{"0":{"start":{"line":3,"column":42},"end":{"line":7,"column":1}},"1":{"start":{"line":9,"column":30},"end":{"line":12,"column":1}},"2":{"start":{"line":14,"column":32},"end":{"line":18,"column":1}}},"fnMap":{},"branchMap":{},"s":{"0":0,"1":0,"2":0},"f":{},"b":{}}
,"/Users/alisia/Projects/ReactProjects/crown-cloth/client/src/components/sign-in/index.js": {"path":"/Users/alisia/Projects/ReactProjects/crown-cloth/client/src/components/sign-in/index.js","statementMap":{},"fnMap":{},"branchMap":{},"s":{},"f":{},"b":{}}
,"/Users/alisia/Projects/ReactProjects/crown-cloth/client/src/components/sign-in/sign-in.component.jsx": {"path":"/Users/alisia/Projects/ReactProjects/crown-cloth/client/src/components/sign-in/sign-in.component.jsx","statementMap":{"0":{"start":{"line":22,"column":15},"end":{"line":73,"column":1}},"1":{"start":{"line":23,"column":40},"end":{"line":23,"column":77}},"2":{"start":{"line":24,"column":30},"end":{"line":24,"column":41}},"3":{"start":{"line":26,"column":25},"end":{"line":31,"column":3}},"4":{"start":{"line":27,"column":4},"end":{"line":27,"column":23}},"5":{"start":{"line":28,"column":4},"end":{"line":30,"column":5}},"6":{"start":{"line":29,"column":6},"end":{"line":29,"column":40}},"7":{"start":{"line":33,"column":25},"end":{"line":36,"column":3}},"8":{"start":{"line":34,"column":28},"end":{"line":34,"column":36}},"9":{"start":{"line":35,"column":4},"end":{"line":35,"column":54}},"10":{"start":{"line":38,"column":2},"end":{"line":72,"column":4}},"11":{"start":{"line":75,"column":27},"end":{"line":79,"column":2}},"12":{"start":{"line":75,"column":42},"end":{"line":79,"column":1}},"13":{"start":{"line":76,"column":27},"end":{"line":76,"column":56}},"14":{"start":{"line":78,"column":4},"end":{"line":78,"column":51}}},"fnMap":{"0":{"name":"(anonymous_0)","decl":{"start":{"line":22,"column":15},"end":{"line":22,"column":16}},"loc":{"start":{"line":22,"column":60},"end":{"line":73,"column":1}},"line":22},"1":{"name":"(anonymous_1)","decl":{"start":{"line":26,"column":25},"end":{"line":26,"column":26}},"loc":{"start":{"line":26,"column":32},"end":{"line":31,"column":3}},"line":26},"2":{"name":"(anonymous_2)","decl":{"start":{"line":33,"column":25},"end":{"line":33,"column":26}},"loc":{"start":{"line":33,"column":32},"end":{"line":36,"column":3}},"line":33},"3":{"name":"(anonymous_3)","decl":{"start":{"line":75,"column":27},"end":{"line":75,"column":28}},"loc":{"start":{"line":75,"column":42},"end":{"line":79,"column":1}},"line":75},"4":{"name":"(anonymous_4)","decl":{"start":{"line":76,"column":21},"end":{"line":76,"column":22}},"loc":{"start":{"line":76,"column":27},"end":{"line":76,"column":56}},"line":76},"5":{"name":"(anonymous_5)","decl":{"start":{"line":77,"column":20},"end":{"line":77,"column":21}},"loc":{"start":{"line":78,"column":4},"end":{"line":78,"column":51}},"line":78}},"branchMap":{"0":{"loc":{"start":{"line":28,"column":4},"end":{"line":30,"column":5}},"type":"if","locations":[{"start":{"line":28,"column":4},"end":{"line":30,"column":5}},{"start":{"line":28,"column":4},"end":{"line":30,"column":5}}],"line":28},"1":{"loc":{"start":{"line":28,"column":8},"end":{"line":28,"column":25}},"type":"binary-expr","locations":[{"start":{"line":28,"column":8},"end":{"line":28,"column":13}},{"start":{"line":28,"column":17},"end":{"line":28,"column":25}}],"line":28}},"s":{"0":0,"1":0,"2":0,"3":0,"4":0,"5":0,"6":0,"7":0,"8":0,"9":0,"10":0,"11":0,"12":0,"13":0,"14":0},"f":{"0":0,"1":0,"2":0,"3":0,"4":0,"5":0},"b":{"0":[0,0],"1":[0,0]}}
,"/Users/alisia/Projects/ReactProjects/crown-cloth/client/src/components/sign-in/sign-in.styles.jsx": {"path":"/Users/alisia/Projects/ReactProjects/crown-cloth/client/src/components/sign-in/sign-in.styles.jsx","statementMap":{"0":{"start":{"line":3,"column":31},"end":{"line":7,"column":1}},"1":{"start":{"line":9,"column":32},"end":{"line":12,"column":1}},"2":{"start":{"line":14,"column":30},"end":{"line":16,"column":1}}},"fnMap":{},"branchMap":{},"s":{"0":0,"1":0,"2":0},"f":{},"b":{}}
,"/Users/alisia/Projects/ReactProjects/crown-cloth/client/src/components/sign-up/index.js": {"path":"/Users/alisia/Projects/ReactProjects/crown-cloth/client/src/components/sign-up/index.js","statementMap":{},"fnMap":{},"branchMap":{},"s":{},"f":{},"b":{}}
,"/Users/alisia/Projects/ReactProjects/crown-cloth/client/src/components/sign-up/sign-up.component.jsx": {"path":"/Users/alisia/Projects/ReactProjects/crown-cloth/client/src/components/sign-up/sign-up.component.jsx","statementMap":{"0":{"start":{"line":16,"column":15},"end":{"line":83,"column":1}},"1":{"start":{"line":17,"column":40},"end":{"line":22,"column":4}},"2":{"start":{"line":24,"column":60},"end":{"line":24,"column":71}},"3":{"start":{"line":26,"column":23},"end":{"line":33,"column":3}},"4":{"start":{"line":27,"column":4},"end":{"line":27,"column":23}},"5":{"start":{"line":28,"column":4},"end":{"line":31,"column":5}},"6":{"start":{"line":29,"column":6},"end":{"line":29,"column":38}},"7":{"start":{"line":30,"column":6},"end":{"line":30,"column":13}},"8":{"start":{"line":32,"column":4},"end":{"line":32,"column":50}},"9":{"start":{"line":35,"column":23},"end":{"line":38,"column":3}},"10":{"start":{"line":36,"column":28},"end":{"line":36,"column":36}},"11":{"start":{"line":37,"column":4},"end":{"line":37,"column":54}},"12":{"start":{"line":40,"column":2},"end":{"line":82,"column":4}},"13":{"start":{"line":85,"column":27},"end":{"line":87,"column":2}},"14":{"start":{"line":85,"column":42},"end":{"line":87,"column":1}},"15":{"start":{"line":86,"column":32},"end":{"line":86,"column":66}}},"fnMap":{"0":{"name":"(anonymous_0)","decl":{"start":{"line":16,"column":15},"end":{"line":16,"column":16}},"loc":{"start":{"line":16,"column":36},"end":{"line":83,"column":1}},"line":16},"1":{"name":"(anonymous_1)","decl":{"start":{"line":26,"column":23},"end":{"line":26,"column":24}},"loc":{"start":{"line":26,"column":30},"end":{"line":33,"column":3}},"line":26},"2":{"name":"(anonymous_2)","decl":{"start":{"line":35,"column":23},"end":{"line":35,"column":24}},"loc":{"start":{"line":35,"column":30},"end":{"line":38,"column":3}},"line":35},"3":{"name":"(anonymous_3)","decl":{"start":{"line":85,"column":27},"end":{"line":85,"column":28}},"loc":{"start":{"line":85,"column":42},"end":{"line":87,"column":1}},"line":85},"4":{"name":"(anonymous_4)","decl":{"start":{"line":86,"column":15},"end":{"line":86,"column":16}},"loc":{"start":{"line":86,"column":32},"end":{"line":86,"column":66}},"line":86}},"branchMap":{"0":{"loc":{"start":{"line":28,"column":4},"end":{"line":31,"column":5}},"type":"if","locations":[{"start":{"line":28,"column":4},"end":{"line":31,"column":5}},{"start":{"line":28,"column":4},"end":{"line":31,"column":5}}],"line":28}},"s":{"0":0,"1":0,"2":0,"3":0,"4":0,"5":0,"6":0,"7":0,"8":0,"9":0,"10":0,"11":0,"12":0,"13":0,"14":0,"15":0},"f":{"0":0,"1":0,"2":0,"3":0,"4":0},"b":{"0":[0,0]}}
,"/Users/alisia/Projects/ReactProjects/crown-cloth/client/src/components/sign-up/sign-up.styles.jsx": {"path":"/Users/alisia/Projects/ReactProjects/crown-cloth/client/src/components/sign-up/sign-up.styles.jsx","statementMap":{"0":{"start":{"line":3,"column":31},"end":{"line":11,"column":1}},"1":{"start":{"line":13,"column":30},"end":{"line":15,"column":1}},"2":{"start":{"line":17,"column":29},"end":{"line":20,"column":1}}},"fnMap":{},"branchMap":{},"s":{"0":0,"1":0,"2":0},"f":{},"b":{}}
,"/Users/alisia/Projects/ReactProjects/crown-cloth/client/src/components/spinner/spinner.component.jsx": {"path":"/Users/alisia/Projects/ReactProjects/crown-cloth/client/src/components/spinner/spinner.component.jsx","statementMap":{"0":{"start":{"line":7,"column":16},"end":{"line":11,"column":1}},"1":{"start":{"line":8,"column":2},"end":{"line":10,"column":19}}},"fnMap":{"0":{"name":"(anonymous_0)","decl":{"start":{"line":7,"column":16},"end":{"line":7,"column":17}},"loc":{"start":{"line":8,"column":2},"end":{"line":10,"column":19}},"line":8}},"branchMap":{},"s":{"0":0,"1":0},"f":{"0":0},"b":{}}
,"/Users/alisia/Projects/ReactProjects/crown-cloth/client/src/components/spinner/spinner.styles.jsx": {"path":"/Users/alisia/Projects/ReactProjects/crown-cloth/client/src/components/spinner/spinner.styles.jsx","statementMap":{"0":{"start":{"line":3,"column":30},"end":{"line":9,"column":1}},"1":{"start":{"line":11,"column":32},"end":{"line":30,"column":1}}},"fnMap":{},"branchMap":{},"s":{"0":0,"1":0},"f":{},"b":{}}
,"/Users/alisia/Projects/ReactProjects/crown-cloth/client/src/components/stripe-button/index.js": {"path":"/Users/alisia/Projects/ReactProjects/crown-cloth/client/src/components/stripe-button/index.js","statementMap":{},"fnMap":{},"branchMap":{},"s":{},"f":{},"b":{}}
,"/Users/alisia/Projects/ReactProjects/crown-cloth/client/src/components/stripe-button/stripe-button.component.jsx": {"path":"/Users/alisia/Projects/ReactProjects/crown-cloth/client/src/components/stripe-button/stripe-button.component.jsx","statementMap":{"0":{"start":{"line":6,"column":29},"end":{"line":43,"column":1}},"1":{"start":{"line":7,"column":25},"end":{"line":7,"column":36}},"2":{"start":{"line":9,"column":4},"end":{"line":9,"column":113}},"3":{"start":{"line":11,"column":18},"end":{"line":28,"column":3}},"4":{"start":{"line":12,"column":4},"end":{"line":27,"column":9}},"5":{"start":{"line":21,"column":8},"end":{"line":21,"column":42}},"6":{"start":{"line":22,"column":8},"end":{"line":22,"column":30}},"7":{"start":{"line":25,"column":8},"end":{"line":25,"column":33}},"8":{"start":{"line":26,"column":8},"end":{"line":26,"column":27}},"9":{"start":{"line":29,"column":2},"end":{"line":42,"column":4}}},"fnMap":{"0":{"name":"(anonymous_0)","decl":{"start":{"line":6,"column":29},"end":{"line":6,"column":30}},"loc":{"start":{"line":6,"column":44},"end":{"line":43,"column":1}},"line":6},"1":{"name":"(anonymous_1)","decl":{"start":{"line":11,"column":18},"end":{"line":11,"column":19}},"loc":{"start":{"line":11,"column":29},"end":{"line":28,"column":3}},"line":11},"2":{"name":"(anonymous_2)","decl":{"start":{"line":20,"column":12},"end":{"line":20,"column":13}},"loc":{"start":{"line":20,"column":26},"end":{"line":23,"column":7}},"line":20},"3":{"name":"(anonymous_3)","decl":{"start":{"line":24,"column":13},"end":{"line":24,"column":14}},"loc":{"start":{"line":24,"column":24},"end":{"line":27,"column":7}},"line":24}},"branchMap":{},"s":{"0":0,"1":0,"2":0,"3":0,"4":0,"5":0,"6":0,"7":0,"8":0,"9":0},"f":{"0":0,"1":0,"2":0,"3":0},"b":{}}
,"/Users/alisia/Projects/ReactProjects/crown-cloth/client/src/components/with-spinner/index.js": {"path":"/Users/alisia/Projects/ReactProjects/crown-cloth/client/src/components/with-spinner/index.js","statementMap":{},"fnMap":{},"branchMap":{},"s":{},"f":{},"b":{}}
,"/Users/alisia/Projects/ReactProjects/crown-cloth/client/src/components/with-spinner/with-spinner.component.jsx": {"path":"/Users/alisia/Projects/ReactProjects/crown-cloth/client/src/components/with-spinner/with-spinner.component.jsx","statementMap":{"0":{"start":{"line":8,"column":20},"end":{"line":10,"column":1}},"1":{"start":{"line":8,"column":33},"end":{"line":10,"column":1}},"2":{"start":{"line":9,"column":2},"end":{"line":9,"column":63}}},"fnMap":{"0":{"name":"(anonymous_0)","decl":{"start":{"line":8,"column":20},"end":{"line":8,"column":21}},"loc":{"start":{"line":8,"column":33},"end":{"line":10,"column":1}},"line":8},"1":{"name":"(anonymous_1)","decl":{"start":{"line":8,"column":33},"end":{"line":8,"column":34}},"loc":{"start":{"line":8,"column":67},"end":{"line":10,"column":1}},"line":8}},"branchMap":{"0":{"loc":{"start":{"line":9,"column":9},"end":{"line":9,"column":62}},"type":"cond-expr","locations":[{"start":{"line":9,"column":21},"end":{"line":9,"column":32}},{"start":{"line":9,"column":35},"end":{"line":9,"column":62}}],"line":9}},"s":{"0":0,"1":0,"2":0},"f":{"0":0,"1":0},"b":{"0":[0,0]}}
,"/Users/alisia/Projects/ReactProjects/crown-cloth/client/src/firebase/firebase.examples.js": {"path":"/Users/alisia/Projects/ReactProjects/crown-cloth/client/src/firebase/firebase.examples.js","statementMap":{},"fnMap":{},"branchMap":{},"s":{},"f":{},"b":{}}
,"/Users/alisia/Projects/ReactProjects/crown-cloth/client/src/firebase/firebase.utils.js": {"path":"/Users/alisia/Projects/ReactProjects/crown-cloth/client/src/firebase/firebase.utils.js","statementMap":{"0":{"start":{"line":5,"column":15},"end":{"line":12,"column":1}},"1":{"start":{"line":14,"column":41},"end":{"line":42,"column":1}},"2":{"start":{"line":16,"column":2},"end":{"line":18,"column":3}},"3":{"start":{"line":17,"column":4},"end":{"line":17,"column":11}},"4":{"start":{"line":20,"column":18},"end":{"line":20,"column":56}},"5":{"start":{"line":22,"column":19},"end":{"line":22,"column":38}},"6":{"start":{"line":24,"column":2},"end":{"line":39,"column":3}},"7":{"start":{"line":26,"column":35},"end":{"line":26,"column":43}},"8":{"start":{"line":27,"column":22},"end":{"line":27,"column":32}},"9":{"start":{"line":29,"column":4},"end":{"line":38,"column":5}},"10":{"start":{"line":30,"column":6},"end":{"line":35,"column":9}},"11":{"start":{"line":37,"column":6},"end":{"line":37,"column":56}},"12":{"start":{"line":41,"column":2},"end":{"line":41,"column":17}},"13":{"start":{"line":44,"column":0},"end":{"line":44,"column":31}},"14":{"start":{"line":46,"column":41},"end":{"line":59,"column":1}},"15":{"start":{"line":50,"column":24},"end":{"line":50,"column":59}},"16":{"start":{"line":52,"column":16},"end":{"line":52,"column":33}},"17":{"start":{"line":53,"column":2},"end":{"line":56,"column":5}},"18":{"start":{"line":54,"column":22},"end":{"line":54,"column":41}},"19":{"start":{"line":55,"column":4},"end":{"line":55,"column":30}},"20":{"start":{"line":58,"column":2},"end":{"line":58,"column":30}},"21":{"start":{"line":61,"column":47},"end":{"line":77,"column":1}},"22":{"start":{"line":62,"column":32},"end":{"line":71,"column":4}},"23":{"start":{"line":63,"column":29},"end":{"line":63,"column":39}},"24":{"start":{"line":65,"column":4},"end":{"line":70,"column":6}},"25":{"start":{"line":73,"column":2},"end":{"line":76,"column":9}},"26":{"start":{"line":74,"column":4},"end":{"line":74,"column":53}},"27":{"start":{"line":75,"column":4},"end":{"line":75,"column":15}},"28":{"start":{"line":79,"column":30},"end":{"line":86,"column":1}},"29":{"start":{"line":80,"column":2},"end":{"line":85,"column":5}},"30":{"start":{"line":81,"column":24},"end":{"line":84,"column":14}},"31":{"start":{"line":82,"column":6},"end":{"line":82,"column":20}},"32":{"start":{"line":83,"column":6},"end":{"line":83,"column":24}},"33":{"start":{"line":88,"column":20},"end":{"line":88,"column":35}},"34":{"start":{"line":89,"column":25},"end":{"line":89,"column":45}},"35":{"start":{"line":91,"column":30},"end":{"line":91,"column":68}},"36":{"start":{"line":92,"column":0},"end":{"line":92,"column":65}},"37":{"start":{"line":95,"column":32},"end":{"line":95,"column":74}},"38":{"start":{"line":95,"column":38},"end":{"line":95,"column":74}}},"fnMap":{"0":{"name":"(anonymous_0)","decl":{"start":{"line":14,"column":41},"end":{"line":14,"column":42}},"loc":{"start":{"line":14,"column":77},"end":{"line":42,"column":1}},"line":14},"1":{"name":"(anonymous_1)","decl":{"start":{"line":46,"column":41},"end":{"line":46,"column":42}},"loc":{"start":{"line":49,"column":5},"end":{"line":59,"column":1}},"line":49},"2":{"name":"(anonymous_2)","decl":{"start":{"line":53,"column":23},"end":{"line":53,"column":24}},"loc":{"start":{"line":53,"column":32},"end":{"line":56,"column":3}},"line":53},"3":{"name":"(anonymous_3)","decl":{"start":{"line":61,"column":47},"end":{"line":61,"column":48}},"loc":{"start":{"line":61,"column":64},"end":{"line":77,"column":1}},"line":61},"4":{"name":"(anonymous_4)","decl":{"start":{"line":62,"column":53},"end":{"line":62,"column":54}},"loc":{"start":{"line":62,"column":62},"end":{"line":71,"column":3}},"line":62},"5":{"name":"(anonymous_5)","decl":{"start":{"line":73,"column":38},"end":{"line":73,"column":39}},"loc":{"start":{"line":73,"column":59},"end":{"line":76,"column":3}},"line":73},"6":{"name":"(anonymous_6)","decl":{"start":{"line":79,"column":30},"end":{"line":79,"column":31}},"loc":{"start":{"line":79,"column":36},"end":{"line":86,"column":1}},"line":79},"7":{"name":"(anonymous_7)","decl":{"start":{"line":80,"column":21},"end":{"line":80,"column":22}},"loc":{"start":{"line":80,"column":42},"end":{"line":85,"column":3}},"line":80},"8":{"name":"(anonymous_8)","decl":{"start":{"line":81,"column":48},"end":{"line":81,"column":49}},"loc":{"start":{"line":81,"column":62},"end":{"line":84,"column":5}},"line":81},"9":{"name":"(anonymous_9)","decl":{"start":{"line":95,"column":32},"end":{"line":95,"column":33}},"loc":{"start":{"line":95,"column":38},"end":{"line":95,"column":74}},"line":95}},"branchMap":{"0":{"loc":{"start":{"line":16,"column":2},"end":{"line":18,"column":3}},"type":"if","locations":[{"start":{"line":16,"column":2},"end":{"line":18,"column":3}},{"start":{"line":16,"column":2},"end":{"line":18,"column":3}}],"line":16},"1":{"loc":{"start":{"line":24,"column":2},"end":{"line":39,"column":3}},"type":"if","locations":[{"start":{"line":24,"column":2},"end":{"line":39,"column":3}},{"start":{"line":24,"column":2},"end":{"line":39,"column":3}}],"line":24}},"s":{"0":0,"1":0,"2":0,"3":0,"4":0,"5":0,"6":0,"7":0,"8":0,"9":0,"10":0,"11":0,"12":0,"13":0,"14":0,"15":0,"16":0,"17":0,"18":0,"19":0,"20":0,"21":0,"22":0,"23":0,"24":0,"25":0,"26":0,"27":0,"28":0,"29":0,"30":0,"31":0,"32":0,"33":0,"34":0,"35":0,"36":0,"37":0,"38":0},"f":{"0":0,"1":0,"2":0,"3":0,"4":0,"5":0,"6":0,"7":0,"8":0,"9":0},"b":{"0":[0,0],"1":[0,0]}}
,"/Users/alisia/Projects/ReactProjects/crown-cloth/client/src/pages/checkout/checkout.component.jsx": {"path":"/Users/alisia/Projects/ReactProjects/crown-cloth/client/src/pages/checkout/checkout.component.jsx","statementMap":{"0":{"start":{"line":18,"column":17},"end":{"line":52,"column":1}},"1":{"start":{"line":19,"column":2},"end":{"line":51,"column":26}},"2":{"start":{"line":38,"column":6},"end":{"line":38,"column":48}}},"fnMap":{"0":{"name":"(anonymous_0)","decl":{"start":{"line":18,"column":17},"end":{"line":18,"column":18}},"loc":{"start":{"line":19,"column":2},"end":{"line":51,"column":26}},"line":19},"1":{"name":"(anonymous_1)","decl":{"start":{"line":37,"column":19},"end":{"line":37,"column":20}},"loc":{"start":{"line":38,"column":6},"end":{"line":38,"column":48}},"line":38}},"branchMap":{},"s":{"0":0,"1":0,"2":0},"f":{"0":0,"1":0},"b":{}}
,"/Users/alisia/Projects/ReactProjects/crown-cloth/client/src/pages/checkout/checkout.container.jsx": {"path":"/Users/alisia/Projects/ReactProjects/crown-cloth/client/src/pages/checkout/checkout.container.jsx","statementMap":{"0":{"start":{"line":15,"column":24},"end":{"line":18,"column":2}},"1":{"start":{"line":20,"column":26},"end":{"line":20,"column":73}}},"fnMap":{},"branchMap":{},"s":{"0":0,"1":0},"f":{},"b":{}}
,"/Users/alisia/Projects/ReactProjects/crown-cloth/client/src/pages/checkout/checkout.styles.jsx": {"path":"/Users/alisia/Projects/ReactProjects/crown-cloth/client/src/pages/checkout/checkout.styles.jsx","statementMap":{"0":{"start":{"line":3,"column":37},"end":{"line":14,"column":1}},"1":{"start":{"line":16,"column":39},"end":{"line":22,"column":1}},"2":{"start":{"line":24,"column":36},"end":{"line":31,"column":1}},"3":{"start":{"line":33,"column":30},"end":{"line":37,"column":1}},"4":{"start":{"line":39,"column":36},"end":{"line":44,"column":1}},"5":{"start":{"line":46,"column":44},"end":{"line":49,"column":1}}},"fnMap":{},"branchMap":{},"s":{"0":0,"1":0,"2":0,"3":0,"4":0,"5":0},"f":{},"b":{}}
,"/Users/alisia/Projects/ReactProjects/crown-cloth/client/src/pages/checkout/index.js": {"path":"/Users/alisia/Projects/ReactProjects/crown-cloth/client/src/pages/checkout/index.js","statementMap":{},"fnMap":{},"branchMap":{},"s":{},"f":{},"b":{}}
,"/Users/alisia/Projects/ReactProjects/crown-cloth/client/src/pages/collection/collection.component.jsx": {"path":"/Users/alisia/Projects/ReactProjects/crown-cloth/client/src/pages/collection/collection.component.jsx","statementMap":{"0":{"start":{"line":18,"column":23},"end":{"line":30,"column":1}},"1":{"start":{"line":19,"column":27},"end":{"line":19,"column":37}},"2":{"start":{"line":20,"column":2},"end":{"line":29,"column":4}},"3":{"start":{"line":25,"column":10},"end":{"line":25,"column":54}},"4":{"start":{"line":31,"column":24},"end":{"line":33,"column":2}},"5":{"start":{"line":31,"column":46},"end":{"line":33,"column":1}}},"fnMap":{"0":{"name":"(anonymous_0)","decl":{"start":{"line":18,"column":23},"end":{"line":18,"column":24}},"loc":{"start":{"line":18,"column":43},"end":{"line":30,"column":1}},"line":18},"1":{"name":"(anonymous_1)","decl":{"start":{"line":24,"column":19},"end":{"line":24,"column":20}},"loc":{"start":{"line":25,"column":10},"end":{"line":25,"column":54}},"line":25},"2":{"name":"(anonymous_2)","decl":{"start":{"line":31,"column":24},"end":{"line":31,"column":25}},"loc":{"start":{"line":31,"column":46},"end":{"line":33,"column":1}},"line":31}},"branchMap":{},"s":{"0":0,"1":0,"2":0,"3":0,"4":0,"5":0},"f":{"0":0,"1":0,"2":0},"b":{}}
,"/Users/alisia/Projects/ReactProjects/crown-cloth/client/src/pages/collection/collection.container.jsx": {"path":"/Users/alisia/Projects/ReactProjects/crown-cloth/client/src/pages/collection/collection.container.jsx","statementMap":{"0":{"start":{"line":13,"column":24},"end":{"line":15,"column":2}},"1":{"start":{"line":14,"column":24},"end":{"line":14,"column":56}},"2":{"start":{"line":17,"column":28},"end":{"line":20,"column":17}}},"fnMap":{"0":{"name":"(anonymous_0)","decl":{"start":{"line":14,"column":13},"end":{"line":14,"column":14}},"loc":{"start":{"line":14,"column":24},"end":{"line":14,"column":56}},"line":14}},"branchMap":{},"s":{"0":0,"1":0,"2":0},"f":{"0":0},"b":{}}
,"/Users/alisia/Projects/ReactProjects/crown-cloth/client/src/pages/collection/collection.styles.jsx": {"path":"/Users/alisia/Projects/ReactProjects/crown-cloth/client/src/pages/collection/collection.styles.jsx","statementMap":{"0":{"start":{"line":3,"column":39},"end":{"line":7,"column":1}},"1":{"start":{"line":9,"column":30},"end":{"line":12,"column":1}},"2":{"start":{"line":14,"column":30},"end":{"line":22,"column":1}}},"fnMap":{},"branchMap":{},"s":{"0":0,"1":0,"2":0},"f":{},"b":{}}
,"/Users/alisia/Projects/ReactProjects/crown-cloth/client/src/pages/collection/index.js": {"path":"/Users/alisia/Projects/ReactProjects/crown-cloth/client/src/pages/collection/index.js","statementMap":{},"fnMap":{},"branchMap":{},"s":{},"f":{},"b":{}}
,"/Users/alisia/Projects/ReactProjects/crown-cloth/client/src/pages/homepage/homepage.component.jsx": {"path":"/Users/alisia/Projects/ReactProjects/crown-cloth/client/src/pages/homepage/homepage.component.jsx","statementMap":{"0":{"start":{"line":7,"column":17},"end":{"line":18,"column":1}},"1":{"start":{"line":8,"column":2},"end":{"line":17,"column":22}},"2":{"start":{"line":12,"column":8},"end":{"line":12,"column":51}}},"fnMap":{"0":{"name":"(anonymous_0)","decl":{"start":{"line":7,"column":17},"end":{"line":7,"column":18}},"loc":{"start":{"line":8,"column":2},"end":{"line":17,"column":22}},"line":8},"1":{"name":"(anonymous_1)","decl":{"start":{"line":11,"column":16},"end":{"line":11,"column":17}},"loc":{"start":{"line":11,"column":47},"end":{"line":13,"column":7}},"line":11}},"branchMap":{},"s":{"0":0,"1":0,"2":0},"f":{"0":0,"1":0},"b":{}}
,"/Users/alisia/Projects/ReactProjects/crown-cloth/client/src/pages/homepage/homepage.styles.jsx": {"path":"/Users/alisia/Projects/ReactProjects/crown-cloth/client/src/pages/homepage/homepage.styles.jsx","statementMap":{"0":{"start":{"line":3,"column":33},"end":{"line":12,"column":1}}},"fnMap":{},"branchMap":{},"s":{"0":0},"f":{},"b":{}}
,"/Users/alisia/Projects/ReactProjects/crown-cloth/client/src/pages/homepage/index.js": {"path":"/Users/alisia/Projects/ReactProjects/crown-cloth/client/src/pages/homepage/index.js","statementMap":{},"fnMap":{},"branchMap":{},"s":{},"f":{},"b":{}}
,"/Users/alisia/Projects/ReactProjects/crown-cloth/client/src/pages/shop/index.js": {"path":"/Users/alisia/Projects/ReactProjects/crown-cloth/client/src/pages/shop/index.js","statementMap":{},"fnMap":{},"branchMap":{},"s":{},"f":{},"b":{}}
,"/Users/alisia/Projects/ReactProjects/crown-cloth/client/src/pages/shop/shop.component.jsx": {"path":"/Users/alisia/Projects/ReactProjects/crown-cloth/client/src/pages/shop/shop.component.jsx","statementMap":{"0":{"start":{"line":16,"column":13},"end":{"line":34,"column":1}},"1":{"start":{"line":17,"column":2},"end":{"line":19,"column":30}},"2":{"start":{"line":18,"column":4},"end":{"line":18,"column":28}},"3":{"start":{"line":21,"column":2},"end":{"line":33,"column":4}}},"fnMap":{"0":{"name":"(anonymous_0)","decl":{"start":{"line":16,"column":13},"end":{"line":16,"column":14}},"loc":{"start":{"line":16,"column":51},"end":{"line":34,"column":1}},"line":16},"1":{"name":"(anonymous_1)","decl":{"start":{"line":17,"column":12},"end":{"line":17,"column":13}},"loc":{"start":{"line":17,"column":18},"end":{"line":19,"column":3}},"line":17}},"branchMap":{},"s":{"0":0,"1":0,"2":0,"3":0},"f":{"0":0,"1":0},"b":{}}
,"/Users/alisia/Projects/ReactProjects/crown-cloth/client/src/pages/shop/shop.styles.jsx": {"path":"/Users/alisia/Projects/ReactProjects/crown-cloth/client/src/pages/shop/shop.styles.jsx","statementMap":{"0":{"start":{"line":3,"column":33},"end":{"line":3,"column":45}}},"fnMap":{},"branchMap":{},"s":{"0":0},"f":{},"b":{}}
,"/Users/alisia/Projects/ReactProjects/crown-cloth/client/src/pages/sign-page/index.js": {"path":"/Users/alisia/Projects/ReactProjects/crown-cloth/client/src/pages/sign-page/index.js","statementMap":{},"fnMap":{},"branchMap":{},"s":{},"f":{},"b":{}}
,"/Users/alisia/Projects/ReactProjects/crown-cloth/client/src/pages/sign-page/sign-page.component.jsx": {"path":"/Users/alisia/Projects/ReactProjects/crown-cloth/client/src/pages/sign-page/sign-page.component.jsx","statementMap":{"0":{"start":{"line":11,"column":17},"end":{"line":16,"column":1}},"1":{"start":{"line":12,"column":2},"end":{"line":15,"column":24}}},"fnMap":{"0":{"name":"(anonymous_0)","decl":{"start":{"line":11,"column":17},"end":{"line":11,"column":18}},"loc":{"start":{"line":12,"column":2},"end":{"line":15,"column":24}},"line":12}},"branchMap":{},"s":{"0":0,"1":0},"f":{"0":0},"b":{}}
,"/Users/alisia/Projects/ReactProjects/crown-cloth/client/src/pages/sign-page/sign-page.styles.jsx": {"path":"/Users/alisia/Projects/ReactProjects/crown-cloth/client/src/pages/sign-page/sign-page.styles.jsx","statementMap":{"0":{"start":{"line":3,"column":35},"end":{"line":8,"column":1}}},"fnMap":{},"branchMap":{},"s":{"0":0},"f":{},"b":{}}
,"/Users/alisia/Projects/ReactProjects/crown-cloth/client/src/redux/root-reducer.js": {"path":"/Users/alisia/Projects/ReactProjects/crown-cloth/client/src/redux/root-reducer.js","statementMap":{"0":{"start":{"line":12,"column":22},"end":{"line":16,"column":1}},"1":{"start":{"line":18,"column":20},"end":{"line":23,"column":2}}},"fnMap":{},"branchMap":{},"s":{"0":0,"1":0},"f":{},"b":{}}
,"/Users/alisia/Projects/ReactProjects/crown-cloth/client/src/redux/root-saga.js": {"path":"/Users/alisia/Projects/ReactProjects/crown-cloth/client/src/redux/root-saga.js","statementMap":{"0":{"start":{"line":10,"column":2},"end":{"line":10,"column":62}}},"fnMap":{"0":{"name":"rootSaga","decl":{"start":{"line":9,"column":25},"end":{"line":9,"column":33}},"loc":{"start":{"line":9,"column":36},"end":{"line":11,"column":1}},"line":9}},"branchMap":{},"s":{"0":0},"f":{"0":0},"b":{}}
,"/Users/alisia/Projects/ReactProjects/crown-cloth/client/src/redux/store.js": {"path":"/Users/alisia/Projects/ReactProjects/crown-cloth/client/src/redux/store.js","statementMap":{"0":{"start":{"line":16,"column":23},"end":{"line":16,"column":45}},"1":{"start":{"line":18,"column":20},"end":{"line":18,"column":36}},"2":{"start":{"line":20,"column":0},"end":{"line":23,"column":1}},"3":{"start":{"line":22,"column":2},"end":{"line":22,"column":27}},"4":{"start":{"line":25,"column":21},"end":{"line":25,"column":78}},"5":{"start":{"line":27,"column":0},"end":{"line":27,"column":29}},"6":{"start":{"line":29,"column":25},"end":{"line":29,"column":44}}},"fnMap":{},"branchMap":{"0":{"loc":{"start":{"line":20,"column":0},"end":{"line":23,"column":1}},"type":"if","locations":[{"start":{"line":20,"column":0},"end":{"line":23,"column":1}},{"start":{"line":20,"column":0},"end":{"line":23,"column":1}}],"line":20}},"s":{"0":0,"1":0,"2":0,"3":0,"4":0,"5":0,"6":0},"f":{},"b":{"0":[0,0]}}
,"/Users/alisia/Projects/ReactProjects/crown-cloth/client/src/redux/cart/cart.actions.js": {"path":"/Users/alisia/Projects/ReactProjects/crown-cloth/client/src/redux/cart/cart.actions.js","statementMap":{"0":{"start":{"line":3,"column":32},"end":{"line":5,"column":2}},"1":{"start":{"line":3,"column":39},"end":{"line":5,"column":1}},"2":{"start":{"line":7,"column":23},"end":{"line":10,"column":2}},"3":{"start":{"line":7,"column":34},"end":{"line":10,"column":1}},"4":{"start":{"line":12,"column":33},"end":{"line":15,"column":2}},"5":{"start":{"line":12,"column":44},"end":{"line":15,"column":1}},"6":{"start":{"line":17,"column":26},"end":{"line":20,"column":2}},"7":{"start":{"line":17,"column":37},"end":{"line":20,"column":1}},"8":{"start":{"line":22,"column":25},"end":{"line":24,"column":2}},"9":{"start":{"line":22,"column":32},"end":{"line":24,"column":1}}},"fnMap":{"0":{"name":"(anonymous_0)","decl":{"start":{"line":3,"column":32},"end":{"line":3,"column":33}},"loc":{"start":{"line":3,"column":39},"end":{"line":5,"column":1}},"line":3},"1":{"name":"(anonymous_1)","decl":{"start":{"line":7,"column":23},"end":{"line":7,"column":24}},"loc":{"start":{"line":7,"column":34},"end":{"line":10,"column":1}},"line":7},"2":{"name":"(anonymous_2)","decl":{"start":{"line":12,"column":33},"end":{"line":12,"column":34}},"loc":{"start":{"line":12,"column":44},"end":{"line":15,"column":1}},"line":12},"3":{"name":"(anonymous_3)","decl":{"start":{"line":17,"column":26},"end":{"line":17,"column":27}},"loc":{"start":{"line":17,"column":37},"end":{"line":20,"column":1}},"line":17},"4":{"name":"(anonymous_4)","decl":{"start":{"line":22,"column":25},"end":{"line":22,"column":26}},"loc":{"start":{"line":22,"column":32},"end":{"line":24,"column":1}},"line":22}},"branchMap":{},"s":{"0":1,"1":0,"2":1,"3":0,"4":1,"5":0,"6":1,"7":0,"8":1,"9":0},"f":{"0":0,"1":0,"2":0,"3":0,"4":0},"b":{},"_coverageSchema":"1a1c01bbd47fc00a2c39e90264f33305004495a9","hash":"c0e662fe1bafca593cda6af638f7e7db7f8e00ba"}
,"/Users/alisia/Projects/ReactProjects/crown-cloth/client/src/redux/cart/cart.reducer.js": {"path":"/Users/alisia/Projects/ReactProjects/crown-cloth/client/src/redux/cart/cart.reducer.js","statementMap":{"0":{"start":{"line":4,"column":22},"end":{"line":7,"column":1}},"1":{"start":{"line":9,"column":20},"end":{"line":42,"column":1}},"2":{"start":{"line":10,"column":2},"end":{"line":41,"column":3}},"3":{"start":{"line":12,"column":6},"end":{"line":15,"column":8}},"4":{"start":{"line":17,"column":6},"end":{"line":20,"column":8}},"5":{"start":{"line":22,"column":6},"end":{"line":28,"column":8}},"6":{"start":{"line":26,"column":20},"end":{"line":26,"column":49}},"7":{"start":{"line":30,"column":6},"end":{"line":33,"column":8}},"8":{"start":{"line":35,"column":6},"end":{"line":38,"column":8}},"9":{"start":{"line":40,"column":6},"end":{"line":40,"column":19}}},"fnMap":{"0":{"name":"(anonymous_0)","decl":{"start":{"line":9,"column":20},"end":{"line":9,"column":21}},"loc":{"start":{"line":9,"column":55},"end":{"line":42,"column":1}},"line":9},"1":{"name":"(anonymous_1)","decl":{"start":{"line":26,"column":10},"end":{"line":26,"column":11}},"loc":{"start":{"line":26,"column":20},"end":{"line":26,"column":49}},"line":26}},"branchMap":{"0":{"loc":{"start":{"line":9,"column":21},"end":{"line":9,"column":42}},"type":"default-arg","locations":[{"start":{"line":9,"column":29},"end":{"line":9,"column":42}}],"line":9},"1":{"loc":{"start":{"line":10,"column":2},"end":{"line":41,"column":3}},"type":"switch","locations":[{"start":{"line":11,"column":4},"end":{"line":15,"column":8}},{"start":{"line":16,"column":4},"end":{"line":20,"column":8}},{"start":{"line":21,"column":4},"end":{"line":28,"column":8}},{"start":{"line":29,"column":4},"end":{"line":33,"column":8}},{"start":{"line":34,"column":4},"end":{"line":38,"column":8}},{"start":{"line":39,"column":4},"end":{"line":40,"column":19}}],"line":10}},"s":{"0":0,"1":0,"2":0,"3":0,"4":0,"5":0,"6":0,"7":0,"8":0,"9":0},"f":{"0":0,"1":0},"b":{"0":[0],
[...]
,"/Users/alisia/Projects/ReactProjects/crown-cloth/client/src/redux/shop/shop.data.js": {"path":"/Users/alisia/Projects/ReactProjects/crown-cloth/client/src/redux/shop/shop.data.js","statementMap":{"0":{"start":{"line":1,"column":25},"end":{"line":247,"column":1}}},"fnMap":{},"branchMap":{},"s":{"0":0},"f":{},"b":{}}
,"/Users/alisia/Projects/ReactProjects/crown-cloth/client/src/redux/shop/shop.reducer.js": {"path":"/Users/alisia/Projects/ReactProjects/crown-cloth/client/src/redux/shop/shop.reducer.js","statementMap":{"0":{"start":{"line":3,"column":22},"end":{"line":7,"column":1}},"1":{"start":{"line":9,"column":20},"end":{"line":31,"column":1}},"2":{"start":{"line":10,"column":2},"end":{"line":30,"column":3}},"3":{"start":{"line":12,"column":6},"end":{"line":15,"column":8}},"4":{"start":{"line":17,"column":6},"end":{"line":21,"column":8}},"5":{"start":{"line":23,"column":6},"end":{"line":27,"column":8}},"6":{"start":{"line":29,"column":6},"end":{"line":29,"column":19}}},"fnMap":{"0":{"name":"(anonymous_0)","decl":{"start":{"line":9,"column":20},"end":{"line":9,"column":21}},"loc":{"start":{"line":9,"column":55},"end":{"line":31,"column":1}},"line":9}},"branchMap":{"0":{"loc":{"start":{"line":9,"column":21},"end":{"line":9,"column":42}},"type":"default-arg","locations":[{"start":{"line":9,"column":29},"end":{"line":9,"column":42}}],"line":9},"1":{"loc":{"start":{"line":10,"column":2},"end":{"line":30,"column":3}},"type":"switch","locations":[{"start":{"line":11,"column":4},"end":{"line":15,"column":8}},{"start":{"line":16,"column":4},"end":{"line":21,"column":8}},{"start":{"line":22,"column":4},"end":{"line":27,"column":8}},{"start":{"line":28,"column":4},"end":{"line":29,"column":19}}],"line":10}},"s":{"0":0,"1":0,"2":0,"3":0,"4":0,"5":0,"6":0},"f":{"0":0},"b":{"0":[0],"1":[0,0,0,0]}}
,"/Users/alisia/Projects/ReactProjects/crown-cloth/client/src/redux/shop/shop.saga.js": {"path":"/Users/alisia/Projects/ReactProjects/crown-cloth/client/src/redux/shop/shop.saga.js","statementMap":{"0":{"start":{"line":18,"column":2},"end":{"line":28,"column":3}},"1":{"start":{"line":19,"column":26},"end":{"line":19,"column":61}},"2":{"start":{"line":20,"column":21},"end":{"line":20,"column":46}},"3":{"start":{"line":21,"column":27},"end":{"line":24,"column":5}},"4":{"start":{"line":25,"column":4},"end":{"line":25,"column":55}},"5":{"start":{"line":27,"column":4},"end":{"line":27,"column":54}},"6":{"start":{"line":32,"column":2},"end":{"line":35,"column":4}},"7":{"start":{"line":39,"column":2},"end":{"line":39,"column":42}}},"fnMap":{"0":{"name":"fetchCollectionAsync","decl":{"start":{"line":17,"column":17},"end":{"line":17,"column":37}},"loc":{"start":{"line":17,"column":40},"end":{"line":29,"column":1}},"line":17},"1":{"name":"fetchCollectionStart","decl":{"start":{"line":31,"column":17},"end":{"line":31,"column":37}},"loc":{"start":{"line":31,"column":40},"end":{"line":36,"column":1}},"line":31},"2":{"name":"shopSaga","decl":{"start":{"line":38,"column":17},"end":{"line":38,"column":25}},"loc":{"start":{"line":38,"column":28},"end":{"line":40,"column":1}},"line":38}},"branchMap":{},"s":{"0":0,"1":0,"2":0,"3":0,"4":0,"5":0,"6":0,"7":0},"f":{"0":0,"1":0,"2":0},"b":{}}
,"/Users/alisia/Projects/ReactProjects/crown-cloth/client/src/redux/shop/shop.selectors.js": {"path":"/Users/alisia/Projects/ReactProjects/crown-cloth/client/src/redux/shop/shop.selectors.js","statementMap":{"0":{"start":{"line":4,"column":19},"end":{"line":4,"column":40}},"1":{"start":{"line":4,"column":30},"end":{"line":4,"column":40}},"2":{"start":{"line":6,"column":37},"end":{"line":9,"column":1}},"3":{"start":{"line":8,"column":12},"end":{"line":8,"column":28}},"4":{"start":{"line":12,"column":46},"end":{"line":16,"column":1}},"5":{"start":{"line":15,"column":4},"end":{"line":15,"column":78}},"6":{"start":{"line":15,"column":56},"end":{"line":15,"column":72}},"7":{"start":{"line":19,"column":36},"end":{"line":23,"column":1}},"8":{"start":{"line":20,"column":2},"end":{"line":22,"column":3}},"9":{"start":{"line":21,"column":4},"end":{"line":21,"column":53}},"10":{"start":{"line":25,"column":40},"end":{"line":28,"column":1}},"11":{"start":{"line":27,"column":12},"end":{"line":27,"column":27}},"12":{"start":{"line":30,"column":40},"end":{"line":33,"column":1}},"13":{"start":{"line":32,"column":12},"end":{"line":32,"column":30}}},"fnMap":{"0":{"name":"(anonymous_0)","decl":{"start":{"line":4,"column":19},"end":{"line":4,"column":20}},"loc":{"start":{"line":4,"column":30},"end":{"line":4,"column":40}},"line":4},"1":{"name":"(anonymous_1)","decl":{"start":{"line":8,"column":2},"end":{"line":8,"column":3}},"loc":{"start":{"line":8,"column":12},"end":{"line":8,"column":28}},"line":8},"2":{"name":"(anonymous_2)","decl":{"start":{"line":14,"column":2},"end":{"line":14,"column":3}},"loc":{"start":{"line":15,"column":4},"end":{"line":15,"column":78}},"line":15},"3":{"name":"(anonymous_3)","decl":{"start":{"line":15,"column":47},"end":{"line":15,"column":48}},"loc":{"start":{"line":15,"column":56},"end":{"line":15,"column":72}},"line":15},"4":{"name":"(anonymous_4)","decl":{"start":{"line":19,"column":44},"end":{"line":19,"column":45}},"loc":{"start":{"line":20,"column":2},"end":{"line":22,"column":3}},"line":20},"5":{"name":"(anonymous_5)","decl":{"start":{"line":20,"column":42},"end":{"line":20,"column":43}},"loc":{"start":{"line":21,"column":4},"end":{"line":21,"column":53}},"line":21},"6":{"name":"(anonymous_6)","decl":{"start":{"line":27,"column":2},"end":{"line":27,"column":3}},"loc":{"start":{"line":27,"column":12},"end":{"line":27,"column":27}},"line":27},"7":{"name":"(anonymous_7)","decl":{"start":{"line":32,"column":2},"end":{"line":32,"column":3}},"loc":{"start":{"line":32,"column":12},"end":{"line":32,"column":30}},"line":32}},"branchMap":{"0":{"loc":{"start":{"line":15,"column":4},"end":{"line":15,"column":78}},"type":"cond-expr","locations":[{"start":{"line":15,"column":18},"end":{"line":15,"column":73}},{"start":{"line":15,"column":76},"end":{"line":15,"column":78}}],"line":15},"1":{"loc":{"start":{"line":21,"column":4},"end":{"line":21,"column":53}},"type":"cond-expr","locations":[{"start":{"line":21,"column":18},"end":{"line":21,"column":46}},{"start":{"line":21,"column":49},"end":{"line":21,"column":53}}],"line":21}},"s":{"0":0,"1":0,"2":0,"3":0,"4":0,"5":0,"6":0,"7":0,"8":0,"9":0,"10":0,"11":0,"12":0,"13":0},"f":{"0":0,"1":0,"2":0,"3":0,"4":0,"5":0,"6":0,"7":0},"b":{"0":[0,0],"1":[0,0]}}
,"/Users/alisia/Projects/ReactProjects/crown-cloth/client/src/redux/shop/shop.types.js": {"path":"/Users/alisia/Projects/ReactProjects/crown-cloth/client/src/redux/shop/shop.types.js","statementMap":{"0":{"start":{"line":1,"column":31},"end":{"line":5,"column":1}}},"fnMap":{},"branchMap":{},"s":{"0":0},"f":{},"b":{}}
,"/Users/alisia/Projects/ReactProjects/crown-cloth/client/src/redux/user/user.actions.js": {"path":"/Users/alisia/Projects/ReactProjects/crown-cloth/client/src/redux/user/user.actions.js","statementMap":{"0":{"start":{"line":3,"column":33},"end":{"line":5,"column":2}},"1":{"start":{"line":3,"column":40},"end":{"line":5,"column":1}},"2":{"start":{"line":7,"column":32},"end":{"line":10,"column":2}},"3":{"start":{"line":7,"column":55},"end":{"line":10,"column":1}},"4":{"start":{"line":12,"column":29},"end":{"line":15,"column":2}},"5":{"start":{"line":12,"column":40},"end":{"line":15,"column":1}},"6":{"start":{"line":17,"column":29},"end":{"line":20,"column":2}},"7":{"start":{"line":17,"column":41},"end":{"line":20,"column":1}},"8":{"start":{"line":22,"column":32},"end":{"line":24,"column":2}},"9":{"start":{"line":22,"column":39},"end":{"line":24,"column":1}},"10":{"start":{"line":26,"column":28},"end":{"line":28,"column":2}},"11":{"start":{"line":26,"column":35},"end":{"line":28,"column":1}},"12":{"start":{"line":30,"column":30},"end":{"line":32,"column":2}},"13":{"start":{"line":30,"column":37},"end":{"line":32,"column":1}},"14":{"start":{"line":34,"column":30},"end":{"line":37,"column":2}},"15":{"start":{"line":34,"column":42},"end":{"line":37,"column":1}},"16":{"start":{"line":39,"column":27},"end":{"line":42,"column":2}},"17":{"start":{"line":39,"column":45},"end":{"line":42,"column":1}},"18":{"start":{"line":44,"column":29},"end":{"line":47,"column":2}},"19":{"start":{"line":44,"column":40},"end":{"line":47,"column":1}},"20":{"start":{"line":49,"column":29},"end":{"line":52,"column":2}},"21":{"start":{"line":49,"column":41},"end":{"line":52,"column":1}}},"fnMap":{"0":{"name":"(anonymous_0)","decl":{"start":{"line":3,"column":33},"end":{"line":3,"column":34}},"loc":{"start":{"line":3,"column":40},"end":{"line":5,"column":1}},"line":3},"1":{"name":"(anonymous_1)","decl":{"start":{"line":7,"column":32},"end":{"line":7,"column":33}},"loc":{"start":{"line":7,"column":55},"end":{"line":10,"column":1}},"line":7},"2":{"name":"(anonymous_2)","decl":{"start":{"line":12,"column":29},"end":{"line":12,"column":30}},"loc":{"start":{"line":12,"column":40},"end":{"line":15,"column":1}},"line":12},"3":{"name":"(anonymous_3)","decl":{"start":{"line":17,"column":29},"end":{"line":17,"column":30}},"loc":{"start":{"line":17,"column":41},"end":{"line":20,"column":1}},"line":17},"4":{"name":"(anonymous_4)","decl":{"start":{"line":22,"column":32},"end":{"line":22,"column":33}},"loc":{"start":{"line":22,"column":39},"end":{"line":24,"column":1}},"line":22},"5":{"name":"(anonymous_5)","decl":{"start":{"line":26,"column":28},"end":{"line":26,"column":29}},"loc":{"start":{"line":26,"column":35},"end":{"line":28,"column":1}},"line":26},"6":{"name":"(anonymous_6)","decl":{"start":{"line":30,"column":30},"end":{"line":30,"column":31}},"loc":{"start":{"line":30,"column":37},"end":{"line":32,"column":1}},"line":30},"7":{"name":"(anonymous_7)","decl":{"start":{"line":34,"column":30},"end":{"line":34,"column":31}},"loc":{"start":{"line":34,"column":42},"end":{"line":37,"column":1}},"line":34},"8":{"name":"(anonymous_8)","decl":{"start":{"line":39,"column":27},"end":{"line":39,"column":28}},"loc":{"start":{"line":39,"column":45},"end":{"line":42,"column":1}},"line":39},"9":{"name":"(anonymous_9)","decl":{"start":{"line":44,"column":29},"end":{"line":44,"column":30}},"loc":{"start":{"line":44,"column":40},"end":{"line":47,"column":1}},"line":44},"10":{"name":"(anonymous_10)","decl":{"start":{"line":49,"column":29},"end":{"line":49,"column":30}},"loc":{"start":{"line":49,"column":41},"end":{"line":52,"column":1}},"line":49}},"branchMap":{},"s":{"0":0,"1":0,"2":0,"3":0,"4":0,"5":0,"6":0,"7":0,"8":0,"9":0,"10":0,"11":0,"12":0,"13":0,"14":0,"15":0,"16":0,"17":0,"18":0,"19":0,"20":0,"21":0},"f":{"0":0,"1":0,"2":0,"3":0,"4":0,"5":0,"6":0,"7":0,"8":0,"9":0,"10":0},"b":{}}
,"/Users/alisia/Projects/ReactProjects/crown-cloth/client/src/redux/user/user.reducer.js": {"path":"/Users/alisia/Projects/ReactProjects/crown-cloth/client/src/redux/user/user.reducer.js","statementMap":{"0":{"start":{"line":3,"column":22},"end":{"line":6,"column":1}},"1":{"start":{"line":8,"column":20},"end":{"line":32,"column":1}},"2":{"start":{"line":9,"column":2},"end":{"line":31,"column":3}},"3":{"start":{"line":11,"column":6},"end":{"line":15,"column":8}},"4":{"start":{"line":19,"column":6},"end":{"line":22,"column":8}},"5":{"start":{"line":24,"column":6},"end":{"line":28,"column":8}},"6":{"start":{"line":30,"column":6},"end":{"line":30,"column":19}}},"fnMap":{"0":{"name":"(anonymous_0)","decl":{"start":{"line":8,"column":20},"end":{"line":8,"column":21}},"loc":{"start":{"line":8,"column":55},"end":{"line":32,"column":1}},"line":8}},"branchMap":{"0":{"loc":{"start":{"line":8,"column":21},"end":{"line":8,"column":42}},"type":"default-arg","locations":[{"start":{"line":8,"column":29},"end":{"line":8,"column":42}}],"line":8},"1":{"loc":{"start":{"line":9,"column":2},"end":{"line":31,"column":3}},"type":"switch","locations":[{"start":{"line":10,"column":4},"end":{"line":15,"column":8}},{"start":{"line":16,"column":4},"end":{"line":16,"column":41}},{"start":{"line":17,"column":4},"end":{"line":17,"column":42}},{"start":{"line":18,"column":4},"end":{"line":22,"column":8}},{"start":{"line":23,"column":4},"end":{"line":28,"column":8}},{"start":{"line":29,"column":4},"end":{"line":30,"column":19}}],"line":9}},"s":{"0":0,"1":0,"2":0,"3":0,"4":0,"5":0,"6":0},"f":{"0":0},"b":{"0":[0],"1":[0,0,0,0,0,0]}}
,"/Users/alisia/Projects/ReactProjects/crown-cloth/client/src/redux/user/user.sagas.js": {"path":"/Users/alisia/Projects/ReactProjects/crown-cloth/client/src/redux/user/user.sagas.js","statementMap":{"0":{"start":{"line":24,"column":2},"end":{"line":30,"column":3}},"1":{"start":{"line":25,"column":20},"end":{"line":25,"column":67}},"2":{"start":{"line":26,"column":21},"end":{"line":26,"column":40}},"3":{"start":{"line":27,"column":4},"end":{"line":27,"column":70}},"4":{"start":{"line":29,"column":4},"end":{"line":29,"column":36}},"5":{"start":{"line":34,"column":2},"end":{"line":39,"column":3}},"6":{"start":{"line":35,"column":21},"end":{"line":35,"column":63}},"7":{"start":{"line":36,"column":4},"end":{"line":36,"column":40}},"8":{"start":{"line":38,"column":4},"end":{"line":38,"column":36}},"9":{"start":{"line":43,"column":2},"end":{"line":48,"column":3}},"10":{"start":{"line":44,"column":21},"end":{"line":44,"column":75}},"11":{"start":{"line":45,"column":4},"end":{"line":45,"column":40}},"12":{"start":{"line":47,"column":4},"end":{"line":47,"column":36}},"13":{"start":{"line":52,"column":2},"end":{"line":59,"column":3}},"14":{"start":{"line":53,"column":21},"end":{"line":53,"column":43}},"15":{"start":{"line":54,"column":4},"end":{"line":54,"column":26}},"16":{"start":{"line":54,"column":19},"end":{"line":54,"column":26}},"17":{"start":{"line":56,"column":4},"end":{"line":56,"column":44}},"18":{"start":{"line":58,"column":4},"end":{"line":58,"column":36}},"19":{"start":{"line":63,"column":2},"end":{"line":68,"column":3}},"20":{"start":{"line":64,"column":4},"end":{"line":64,"column":25}},"21":{"start":{"line":65,"column":4},"end":{"line":65,"column":32}},"22":{"start":{"line":67,"column":4},"end":{"line":67,"column":37}},"23":{"start":{"line":72,"column":2},"end":{"line":78,"column":3}},"24":{"start":{"line":73,"column":21},"end":{"line":73,"column":79}},"25":{"start":{"line":74,"column":4},"end":{"line":74,"column":59}},"26":{"start":{"line":75,"column":4},"end":{"line":75,"column":50}},"27":{"start":{"line":77,"column":4},"end":{"line":77,"column":36}},"28":{"start":{"line":83,"column":2},"end":{"line":83,"column":75}},"29":{"start":{"line":87,"column":2},"end":{"line":87,"column":73}},"30":{"start":{"line":91,"column":2},"end":{"line":91,"column":76}},"31":{"start":{"line":95,"column":2},"end":{"line":95,"column":60}},"32":{"start":{"line":99,"column":2},"end":{"line":99,"column":58}},"33":{"start":{"line":103,"column":2},"end":{"line":103,"column":69}},"34":{"start":{"line":107,"column":2},"end":{"line":114,"column":5}}},"fnMap":{"0":{"name":"getSnapshotFromUserAuth","decl":{"start":{"line":23,"column":17},"end":{"line":23,"column":40}},"loc":{"start":{"line":23,"column":51},"end":{"line":31,"column":1}},"line":23},"1":{"name":"signInWithGoogle","decl":{"start":{"line":33,"column":17},"end":{"line":33,"column":33}},"loc":{"start":{"line":33,"column":36},"end":{"line":40,"column":1}},"line":33},"2":{"name":"signInWithEmail","decl":{"start":{"line":42,"column":17},"end":{"line":42,"column":32}},"loc":{"start":{"line":42,"column":67},"end":{"line":49,"column":1}},"line":42},"3":{"name":"isUserAuthenticated","decl":{"start":{"line":51,"column":17},"end":{"line":51,"column":36}},"loc":{"start":{"line":51,"column":39},"end":{"line":60,"column":1}},"line":51},"4":{"name":"signOut","decl":{"start":{"line":62,"column":17},"end":{"line":62,"column":24}},"loc":{"start":{"line":62,"column":27},"end":{"line":69,"column":1}},"line":62},"5":{"name":"signUp","decl":{"start":{"line":71,"column":17},"end":{"line":71,"column":23}},"loc":{"start":{"line":71,"column":71},"end":{"line":79,"column":1}},"line":71},"6":{"name":"onGoogleSignInStart","decl":{"start":{"line":82,"column":17},"end":{"line":82,"column":36}},"loc":{"start":{"line":82,"column":39},"end":{"line":84,"column":1}},"line":82},"7":{"name":"onEmailSignInStart","decl":{"start":{"line":86,"column":17},"end":{"line":86,"column":35}},"loc":{"start":{"line":86,"column":38},"end":{"line":88,"column":1}},"line":86},"8":{"name":"onCheckUserSession","decl":{"start":{"line":90,"column":17},"end":{"line":90,"column":35}},"loc":{"start":{"line":90,"column":38},"end":{"line":92,"column":1}},"line":90},"9":{"name":"onSignOutStart","decl":{"start":{"line":94,"column":17},"end":{"line":94,"column":31}},"loc":{"start":{"line":94,"column":34},"end":{"line":96,"column":1}},"line":94},"10":{"name":"onSignUpStart","decl":{"start":{"line":98,"column":17},"end":{"line":98,"column":30}},"loc":{"start":{"line":98,"column":33},"end":{"line":100,"column":1}},"line":98},"11":{"name":"onSignUpSuccess","decl":{"start":{"line":102,"column":17},"end":{"line":102,"column":32}},"loc":{"start":{"line":102,"column":35},"end":{"line":104,"column":1}},"line":102},"12":{"name":"userSaga","decl":{"start":{"line":106,"column":17},"end":{"line":106,"column":25}},"loc":{"start":{"line":106,"column":28},"end":{"line":115,"column":1}},"line":106}},"branchMap":{"0":{"loc":{"start":{"line":54,"column":4},"end":{"line":54,"column":26}},"type":"if","locations":[{"start":{"line":54,"column":4},"end":{"line":54,"column":26}},{"start":{"line":54,"column":4},"end":{"line":54,"column":26}}],"line":54}},"s":{"0":0,"1":0,"2":0,"3":0,"4":0,"5":0,"6":0,"7":0,"8":0,"9":0,"10":0,"11":0,"12":0,"13":0,"14":0,"15":0,"16":0,"17":0,"18":0,"19":0,"20":0,"21":0,"22":0,"23":0,"24":0,"25":0,"26":0,"27":0,"28":0,"29":0,"30":0,"31":0,"32":0,"33":0,"34":0},"f":{"0":0,"1":0,"2":0,"3":0,"4":0,"5":0,"6":0,"7":0,"8":0,"9":0,"10":0,"11":0,"12":0},"b":{"0":[0,0]}}
,"/Users/alisia/Projects/ReactProjects/crown-cloth/client/src/redux/user/user.selectors.js": {"path":"/Users/alisia/Projects/ReactProjects/crown-cloth/client/src/redux/user/user.selectors.js","statementMap":{"0":{"start":{"line":3,"column":19},"end":{"line":3,"column":40}},"1":{"start":{"line":3,"column":30},"end":{"line":3,"column":40}},"2":{"start":{"line":5,"column":33},"end":{"line":8,"column":1}},"3":{"start":{"line":7,"column":12},"end":{"line":7,"column":28}}},"fnMap":{"0":{"name":"(anonymous_0)","decl":{"start":{"line":3,"column":19},"end":{"line":3,"column":20}},"loc":{"start":{"line":3,"column":30},"end":{"line":3,"column":40}},"line":3},"1":{"name":"(anonymous_1)","decl":{"start":{"line":7,"column":2},"end":{"line":7,"column":3}},"loc":{"start":{"line":7,"column":12},"end":{"line":7,"column":28}},"line":7}},"branchMap":{},"s":{"0":0,"1":0,"2":0,"3":0},"f":{"0":0,"1":0},"b":{}}
,"/Users/alisia/Projects/ReactProjects/crown-cloth/client/src/redux/user/user.types.js": {"path":"/Users/alisia/Projects/ReactProjects/crown-cloth/client/src/redux/user/user.types.js","statementMap":{"0":{"start":{"line":1,"column":31},"end":{"line":13,"column":1}}},"fnMap":{},"branchMap":{},"s":{"0":0},"f":{},"b":{}}
}
